ARM GAS  /tmp/ccjpSA3S.s 			page 1


   1              		.cpu cortex-m0plus
   2              		.eabi_attribute 20, 1
   3              		.eabi_attribute 21, 1
   4              		.eabi_attribute 23, 3
   5              		.eabi_attribute 24, 1
   6              		.eabi_attribute 25, 1
   7              		.eabi_attribute 26, 1
   8              		.eabi_attribute 30, 1
   9              		.eabi_attribute 34, 0
  10              		.eabi_attribute 18, 4
  11              		.file	"irq_multi_handler.cpp"
  12              		.text
  13              	.Ltext0:
  14              		.cfi_sections	.debug_frame
  15              	.Letext0:
  16              		.file 1 "/opt/gcc-arm-none-eabi-9-2020-q2/arm-none-eabi/include/c++/9.3.1/type_traits"
  17              		.file 2 "/opt/gcc-arm-none-eabi-9-2020-q2/arm-none-eabi/include/c++/9.3.1/arm-none-eabi/thumb/v6-m
  18              		.file 3 "/opt/gcc-arm-none-eabi-9-2020-q2/arm-none-eabi/include/c++/9.3.1/bits/stl_pair.h"
  19              		.file 4 "/opt/gcc-arm-none-eabi-9-2020-q2/arm-none-eabi/include/c++/9.3.1/debug/debug.h"
  20              		.file 5 "/opt/gcc-arm-none-eabi-9-2020-q2/arm-none-eabi/include/c++/9.3.1/cwchar"
  21              		.file 6 "/opt/gcc-arm-none-eabi-9-2020-q2/arm-none-eabi/include/c++/9.3.1/bits/char_traits.h"
  22              		.file 7 "/opt/gcc-arm-none-eabi-9-2020-q2/arm-none-eabi/include/c++/9.3.1/cstdint"
  23              		.file 8 "/opt/gcc-arm-none-eabi-9-2020-q2/arm-none-eabi/include/c++/9.3.1/bits/exception_ptr.h"
  24              		.file 9 "/opt/gcc-arm-none-eabi-9-2020-q2/arm-none-eabi/include/c++/9.3.1/new"
  25              		.file 10 "/opt/gcc-arm-none-eabi-9-2020-q2/arm-none-eabi/include/c++/9.3.1/clocale"
  26              		.file 11 "/opt/gcc-arm-none-eabi-9-2020-q2/arm-none-eabi/include/c++/9.3.1/limits"
  27              		.file 12 "/opt/gcc-arm-none-eabi-9-2020-q2/arm-none-eabi/include/c++/9.3.1/string_view"
  28              		.file 13 "/opt/gcc-arm-none-eabi-9-2020-q2/arm-none-eabi/include/c++/9.3.1/bits/basic_string.h"
  29              		.file 14 "/opt/gcc-arm-none-eabi-9-2020-q2/arm-none-eabi/include/c++/9.3.1/cstdlib"
  30              		.file 15 "/opt/gcc-arm-none-eabi-9-2020-q2/arm-none-eabi/include/c++/9.3.1/cstdio"
  31              		.file 16 "/opt/gcc-arm-none-eabi-9-2020-q2/arm-none-eabi/include/c++/9.3.1/utility"
  32              		.file 17 "/opt/gcc-arm-none-eabi-9-2020-q2/arm-none-eabi/include/c++/9.3.1/bits/uses_allocator.h"
  33              		.file 18 "/opt/gcc-arm-none-eabi-9-2020-q2/arm-none-eabi/include/c++/9.3.1/tuple"
  34              		.file 19 "/opt/gcc-arm-none-eabi-9-2020-q2/arm-none-eabi/include/c++/9.3.1/bits/predefined_ops.h"
  35              		.file 20 "/opt/gcc-arm-none-eabi-9-2020-q2/arm-none-eabi/include/c++/9.3.1/ext/new_allocator.h"
  36              		.file 21 "/opt/gcc-arm-none-eabi-9-2020-q2/arm-none-eabi/include/c++/9.3.1/ext/numeric_traits.h"
  37              		.file 22 "/opt/gcc-arm-none-eabi-9-2020-q2/lib/gcc/arm-none-eabi/9.3.1/include/stddef.h"
  38              		.file 23 "/opt/gcc-arm-none-eabi-9-2020-q2/arm-none-eabi/include/machine/_default_types.h"
  39              		.file 24 "/opt/gcc-arm-none-eabi-9-2020-q2/arm-none-eabi/include/sys/_types.h"
  40              		.file 25 "<built-in>"
  41              		.file 26 "/opt/gcc-arm-none-eabi-9-2020-q2/arm-none-eabi/include/sys/reent.h"
  42              		.file 27 "/opt/gcc-arm-none-eabi-9-2020-q2/arm-none-eabi/include/sys/lock.h"
  43              		.file 28 "/opt/gcc-arm-none-eabi-9-2020-q2/lib/gcc/arm-none-eabi/9.3.1/include/stdarg.h"
  44              		.file 29 "/opt/gcc-arm-none-eabi-9-2020-q2/arm-none-eabi/include/wchar.h"
  45              		.file 30 "/opt/gcc-arm-none-eabi-9-2020-q2/arm-none-eabi/include/sys/_stdint.h"
  46              		.file 31 "/opt/gcc-arm-none-eabi-9-2020-q2/arm-none-eabi/include/stdint.h"
  47              		.file 32 "/opt/gcc-arm-none-eabi-9-2020-q2/arm-none-eabi/include/locale.h"
  48              		.file 33 "/opt/gcc-arm-none-eabi-9-2020-q2/arm-none-eabi/include/ctype.h"
  49              		.file 34 "/opt/gcc-arm-none-eabi-9-2020-q2/arm-none-eabi/include/stdlib.h"
  50              		.file 35 "/opt/gcc-arm-none-eabi-9-2020-q2/arm-none-eabi/include/stdio.h"
  51              		.file 36 "/opt/gcc-arm-none-eabi-9-2020-q2/arm-none-eabi/include/sys/errno.h"
  52              		.file 37 "alohal/irq/irq_handler.hpp"
  53              		.file 38 "alohal/irq/irq_observer.hpp"
  54              		.file 39 "alohal/irq/irq_multi_handler.hpp"
ARM GAS  /tmp/ccjpSA3S.s 			page 2


DEFINED SYMBOLS
                            *ABS*:0000000000000000 irq_multi_handler.cpp

NO UNDEFINED SYMBOLS
