ARM GAS  /tmp/cczozthk.s 			page 1


   1              		.cpu cortex-m0plus
   2              		.eabi_attribute 20, 1
   3              		.eabi_attribute 21, 1
   4              		.eabi_attribute 23, 3
   5              		.eabi_attribute 24, 1
   6              		.eabi_attribute 25, 1
   7              		.eabi_attribute 26, 1
   8              		.eabi_attribute 30, 1
   9              		.eabi_attribute 34, 0
  10              		.eabi_attribute 18, 4
  11              		.file	"irq_observer.cpp"
  12              		.text
  13              	.Ltext0:
  14              		.cfi_sections	.debug_frame
  15              	.Letext0:
  16              		.file 1 "<built-in>"
  17              		.file 2 "alohal/irq/irq_observer.hpp"
ARM GAS  /tmp/cczozthk.s 			page 2


DEFINED SYMBOLS
                            *ABS*:0000000000000000 irq_observer.cpp

NO UNDEFINED SYMBOLS
