ARM GAS  /tmp/ccYsjciW.s 			page 1


   1              		.cpu cortex-m0plus
   2              		.eabi_attribute 20, 1
   3              		.eabi_attribute 21, 1
   4              		.eabi_attribute 23, 3
   5              		.eabi_attribute 24, 1
   6              		.eabi_attribute 25, 1
   7              		.eabi_attribute 26, 1
   8              		.eabi_attribute 30, 1
   9              		.eabi_attribute 34, 0
  10              		.eabi_attribute 18, 4
  11              		.file	"pin.cpp"
  12              		.text
  13              	.Ltext0:
  14              		.cfi_sections	.debug_frame
  15              		.section	.text._ZN3Pin6ToggleEv,"ax",%progbits
  16              		.align	1
  17              		.global	_ZN3Pin6ToggleEv
  18              		.arch armv6s-m
  19              		.syntax unified
  20              		.code	16
  21              		.thumb_func
  22              		.fpu softvfp
  24              	_ZN3Pin6ToggleEv:
  25              	.LVL0:
  26              	.LFB3852:
  27              		.file 1 "alohal/gpio/pin.cpp"
   1:alohal/gpio/pin.cpp **** #include "pin.hpp"
   2:alohal/gpio/pin.cpp **** 
   3:alohal/gpio/pin.cpp **** #include "device/device.hpp"
   4:alohal/gpio/pin.cpp **** 
   5:alohal/gpio/pin.cpp **** Pin::Pin(char port, uint8_t pin_number):
   6:alohal/gpio/pin.cpp ****     port(port), pin_number(pin_number){
   7:alohal/gpio/pin.cpp ****     IRQ = new Pin_IRQ(pin_number, device()->mcu->EXT_IRQ);
   8:alohal/gpio/pin.cpp **** }
   9:alohal/gpio/pin.cpp **** 
  10:alohal/gpio/pin.cpp **** void Pin::Toggle(){
  28              		.loc 1 10 19 view -0
  29              		.cfi_startproc
  30              		@ args = 0, pretend = 0, frame = 0
  31              		@ frame_needed = 0, uses_anonymous_args = 0
  32              		.loc 1 10 19 is_stmt 0 view .LVU1
  33 0000 10B5     		push	{r4, lr}
  34              	.LCFI0:
  35              		.cfi_def_cfa_offset 8
  36              		.cfi_offset 4, -8
  37              		.cfi_offset 14, -4
  38 0002 0300     		movs	r3, r0
  11:alohal/gpio/pin.cpp ****     HAL_GPIO_TogglePin((GPIO_TypeDef *) (PORT_START_ADRESS + ((((int) port) - ASCII_BASE) * PORT_SI
  39              		.loc 1 11 5 is_stmt 1 view .LVU2
  40              		.loc 1 11 71 is_stmt 0 view .LVU3
  41 0004 0079     		ldrb	r0, [r0, #4]
  42              	.LVL1:
  43              		.loc 1 11 60 view .LVU4
  44 0006 054A     		ldr	r2, .L2
  45 0008 9446     		mov	ip, r2
  46 000a 6044     		add	r0, r0, ip
  47 000c 8002     		lsls	r0, r0, #10
ARM GAS  /tmp/ccYsjciW.s 			page 2


  48              		.loc 1 11 123 view .LVU5
  49 000e 5B79     		ldrb	r3, [r3, #5]
  50              	.LVL2:
  51              		.loc 1 11 120 view .LVU6
  52 0010 0121     		movs	r1, #1
  53 0012 9940     		lsls	r1, r1, r3
  54              		.loc 1 11 23 view .LVU7
  55 0014 89B2     		uxth	r1, r1
  56 0016 FFF7FEFF 		bl	HAL_GPIO_TogglePin
  57              	.LVL3:
  12:alohal/gpio/pin.cpp **** }
  58              		.loc 1 12 1 view .LVU8
  59              		@ sp needed
  60 001a 10BD     		pop	{r4, pc}
  61              	.L3:
  62              		.align	2
  63              	.L2:
  64 001c BFFF1300 		.word	1310655
  65              		.cfi_endproc
  66              	.LFE3852:
  68              		.section	.text._ZN3Pin3SetEb,"ax",%progbits
  69              		.align	1
  70              		.global	_ZN3Pin3SetEb
  71              		.syntax unified
  72              		.code	16
  73              		.thumb_func
  74              		.fpu softvfp
  76              	_ZN3Pin3SetEb:
  77              	.LVL4:
  78              	.LFB3853:
  13:alohal/gpio/pin.cpp **** 
  14:alohal/gpio/pin.cpp **** void Pin::Set(bool value){
  79              		.loc 1 14 26 is_stmt 1 view -0
  80              		.cfi_startproc
  81              		@ args = 0, pretend = 0, frame = 0
  82              		@ frame_needed = 0, uses_anonymous_args = 0
  83              		.loc 1 14 26 is_stmt 0 view .LVU10
  84 0000 10B5     		push	{r4, lr}
  85              	.LCFI1:
  86              		.cfi_def_cfa_offset 8
  87              		.cfi_offset 4, -8
  88              		.cfi_offset 14, -4
  89 0002 0300     		movs	r3, r0
  90 0004 0A00     		movs	r2, r1
  15:alohal/gpio/pin.cpp ****     HAL_GPIO_WritePin((GPIO_TypeDef *) (PORT_START_ADRESS + ((((int) port) - ASCII_BASE) * PORT_SIZ
  91              		.loc 1 15 5 is_stmt 1 view .LVU11
  92              		.loc 1 15 70 is_stmt 0 view .LVU12
  93 0006 0079     		ldrb	r0, [r0, #4]
  94              	.LVL5:
  95              		.loc 1 15 59 view .LVU13
  96 0008 0549     		ldr	r1, .L5
  97              	.LVL6:
  98              		.loc 1 15 59 view .LVU14
  99 000a 8C46     		mov	ip, r1
 100 000c 6044     		add	r0, r0, ip
 101 000e 8002     		lsls	r0, r0, #10
 102              		.loc 1 15 122 view .LVU15
ARM GAS  /tmp/ccYsjciW.s 			page 3


 103 0010 5B79     		ldrb	r3, [r3, #5]
 104              	.LVL7:
 105              		.loc 1 15 119 view .LVU16
 106 0012 0121     		movs	r1, #1
 107 0014 9940     		lsls	r1, r1, r3
 108              		.loc 1 15 22 view .LVU17
 109 0016 89B2     		uxth	r1, r1
 110 0018 FFF7FEFF 		bl	HAL_GPIO_WritePin
 111              	.LVL8:
  16:alohal/gpio/pin.cpp **** }
 112              		.loc 1 16 1 view .LVU18
 113              		@ sp needed
 114 001c 10BD     		pop	{r4, pc}
 115              	.L6:
 116 001e C046     		.align	2
 117              	.L5:
 118 0020 BFFF1300 		.word	1310655
 119              		.cfi_endproc
 120              	.LFE3853:
 122              		.section	.text._ZN3Pin4ReadEv,"ax",%progbits
 123              		.align	1
 124              		.global	_ZN3Pin4ReadEv
 125              		.syntax unified
 126              		.code	16
 127              		.thumb_func
 128              		.fpu softvfp
 130              	_ZN3Pin4ReadEv:
 131              	.LVL9:
 132              	.LFB3854:
  17:alohal/gpio/pin.cpp **** 
  18:alohal/gpio/pin.cpp **** bool Pin::Read(){
 133              		.loc 1 18 17 is_stmt 1 view -0
 134              		.cfi_startproc
 135              		@ args = 0, pretend = 0, frame = 0
 136              		@ frame_needed = 0, uses_anonymous_args = 0
 137              		.loc 1 18 17 is_stmt 0 view .LVU20
 138 0000 10B5     		push	{r4, lr}
 139              	.LCFI2:
 140              		.cfi_def_cfa_offset 8
 141              		.cfi_offset 4, -8
 142              		.cfi_offset 14, -4
 143 0002 0300     		movs	r3, r0
  19:alohal/gpio/pin.cpp ****     return HAL_GPIO_ReadPin((GPIO_TypeDef *) (PORT_START_ADRESS + ((((int) port) - ASCII_BASE) * PO
 144              		.loc 1 19 5 is_stmt 1 view .LVU21
 145              		.loc 1 19 76 is_stmt 0 view .LVU22
 146 0004 0079     		ldrb	r0, [r0, #4]
 147              	.LVL10:
 148              		.loc 1 19 65 view .LVU23
 149 0006 074A     		ldr	r2, .L8
 150 0008 9446     		mov	ip, r2
 151 000a 6044     		add	r0, r0, ip
 152 000c 8002     		lsls	r0, r0, #10
 153              		.loc 1 19 128 view .LVU24
 154 000e 5B79     		ldrb	r3, [r3, #5]
 155              	.LVL11:
 156              		.loc 1 19 125 view .LVU25
 157 0010 0121     		movs	r1, #1
ARM GAS  /tmp/ccYsjciW.s 			page 4


 158 0012 9940     		lsls	r1, r1, r3
 159              		.loc 1 19 28 view .LVU26
 160 0014 89B2     		uxth	r1, r1
 161 0016 FFF7FEFF 		bl	HAL_GPIO_ReadPin
 162              	.LVL12:
 163              		.loc 1 19 138 view .LVU27
 164 001a 431E     		subs	r3, r0, #1
 165 001c 9841     		sbcs	r0, r0, r3
 166 001e C0B2     		uxtb	r0, r0
  20:alohal/gpio/pin.cpp **** }
 167              		.loc 1 20 1 view .LVU28
 168              		@ sp needed
 169 0020 10BD     		pop	{r4, pc}
 170              	.L9:
 171 0022 C046     		.align	2
 172              	.L8:
 173 0024 BFFF1300 		.word	1310655
 174              		.cfi_endproc
 175              	.LFE3854:
 177              		.section	.text._ZN3PinC2Ech,"ax",%progbits
 178              		.align	1
 179              		.global	_ZN3PinC2Ech
 180              		.syntax unified
 181              		.code	16
 182              		.thumb_func
 183              		.fpu softvfp
 185              	_ZN3PinC2Ech:
 186              	.LVL13:
 187              	.LFB3850:
   5:alohal/gpio/pin.cpp ****     port(port), pin_number(pin_number){
 188              		.loc 1 5 1 is_stmt 1 view -0
 189              		.cfi_startproc
 190              		@ args = 0, pretend = 0, frame = 0
 191              		@ frame_needed = 0, uses_anonymous_args = 0
   5:alohal/gpio/pin.cpp ****     port(port), pin_number(pin_number){
 192              		.loc 1 5 1 is_stmt 0 view .LVU30
 193 0000 F8B5     		push	{r3, r4, r5, r6, r7, lr}
 194              	.LCFI3:
 195              		.cfi_def_cfa_offset 24
 196              		.cfi_offset 3, -24
 197              		.cfi_offset 4, -20
 198              		.cfi_offset 5, -16
 199              		.cfi_offset 6, -12
 200              		.cfi_offset 7, -8
 201              		.cfi_offset 14, -4
 202 0002 0400     		movs	r4, r0
 203 0004 1600     		movs	r6, r2
 204              	.LBB2:
   6:alohal/gpio/pin.cpp ****     IRQ = new Pin_IRQ(pin_number, device()->mcu->EXT_IRQ);
 205              		.loc 1 6 38 view .LVU31
 206 0006 0B4B     		ldr	r3, .L11
 207 0008 0833     		adds	r3, r3, #8
 208 000a 0360     		str	r3, [r0]
 209 000c 0171     		strb	r1, [r0, #4]
 210 000e 4271     		strb	r2, [r0, #5]
 211 0010 0023     		movs	r3, #0
 212 0012 8360     		str	r3, [r0, #8]
ARM GAS  /tmp/ccYsjciW.s 			page 5


   7:alohal/gpio/pin.cpp **** }
 213              		.loc 1 7 5 is_stmt 1 view .LVU32
   7:alohal/gpio/pin.cpp **** }
 214              		.loc 1 7 41 is_stmt 0 view .LVU33
 215 0014 FFF7FEFF 		bl	_Z6devicev
 216              	.LVL14:
   7:alohal/gpio/pin.cpp **** }
 217              		.loc 1 7 45 view .LVU34
 218 0018 0368     		ldr	r3, [r0]
   7:alohal/gpio/pin.cpp **** }
 219              		.loc 1 7 50 view .LVU35
 220 001a 9F69     		ldr	r7, [r3, #24]
   7:alohal/gpio/pin.cpp **** }
 221              		.loc 1 7 57 view .LVU36
 222 001c 0820     		movs	r0, #8
 223 001e FFF7FEFF 		bl	_Znwj
 224              	.LVL15:
 225 0022 0500     		movs	r5, r0
 226 0024 3A00     		movs	r2, r7
 227 0026 3100     		movs	r1, r6
 228 0028 FFF7FEFF 		bl	_ZN7Pin_IRQC1EiP17IRQ_multi_handlerIiE
 229              	.LVL16:
   7:alohal/gpio/pin.cpp **** }
 230              		.loc 1 7 9 view .LVU37
 231 002c A560     		str	r5, [r4, #8]
 232              	.LBE2:
   8:alohal/gpio/pin.cpp **** 
 233              		.loc 1 8 1 view .LVU38
 234 002e 2000     		movs	r0, r4
 235              		@ sp needed
 236              	.LVL17:
   8:alohal/gpio/pin.cpp **** 
 237              		.loc 1 8 1 view .LVU39
 238 0030 F8BD     		pop	{r3, r4, r5, r6, r7, pc}
 239              	.L12:
 240 0032 C046     		.align	2
 241              	.L11:
 242 0034 00000000 		.word	.LANCHOR0
 243              		.cfi_endproc
 244              	.LFE3850:
 246              		.global	_ZN3PinC1Ech
 247              		.thumb_set _ZN3PinC1Ech,_ZN3PinC2Ech
 248              		.section	.text._ZN3PineqERKS_,"ax",%progbits
 249              		.align	1
 250              		.global	_ZN3PineqERKS_
 251              		.syntax unified
 252              		.code	16
 253              		.thumb_func
 254              		.fpu softvfp
 256              	_ZN3PineqERKS_:
 257              	.LVL18:
 258              	.LFB3855:
  21:alohal/gpio/pin.cpp **** 
  22:alohal/gpio/pin.cpp **** bool Pin::operator == (const Pin& rhs){
 259              		.loc 1 22 39 is_stmt 1 view -0
 260              		.cfi_startproc
 261              		@ args = 0, pretend = 0, frame = 0
ARM GAS  /tmp/ccYsjciW.s 			page 6


 262              		@ frame_needed = 0, uses_anonymous_args = 0
 263              		@ link register save eliminated.
  23:alohal/gpio/pin.cpp ****     return ((this->port == rhs.port) && (this->pin_number == rhs.pin_number));
 264              		.loc 1 23 5 view .LVU41
 265              		.loc 1 23 38 is_stmt 0 view .LVU42
 266 0000 8088     		ldrh	r0, [r0, #4]
 267              	.LVL19:
 268              		.loc 1 23 38 view .LVU43
 269 0002 8B88     		ldrh	r3, [r1, #4]
 270              		.loc 1 23 77 view .LVU44
 271 0004 C01A     		subs	r0, r0, r3
 272 0006 4342     		rsbs	r3, r0, #0
 273 0008 5841     		adcs	r0, r0, r3
 274 000a C0B2     		uxtb	r0, r0
  24:alohal/gpio/pin.cpp **** }
 275              		.loc 1 24 1 view .LVU45
 276              		@ sp needed
 277 000c 7047     		bx	lr
 278              		.cfi_endproc
 279              	.LFE3855:
 281              		.global	_ZTS3Pin
 282              		.global	_ZTI3Pin
 283              		.global	_ZTV3Pin
 284              		.section	.rodata._ZTI3Pin,"a"
 285              		.align	2
 288              	_ZTI3Pin:
 289 0000 08000000 		.word	_ZTVN10__cxxabiv117__class_type_infoE+8
 290 0004 00000000 		.word	_ZTS3Pin
 291              		.section	.rodata._ZTS3Pin,"a"
 292              		.align	2
 295              	_ZTS3Pin:
 296 0000 3350696E 		.ascii	"3Pin\000"
 296      00
 297              		.section	.rodata._ZTV3Pin,"a"
 298              		.align	2
 299              		.set	.LANCHOR0,. + 0
 302              	_ZTV3Pin:
 303 0000 00000000 		.word	0
 304 0004 00000000 		.word	_ZTI3Pin
 305 0008 00000000 		.word	_ZN3Pin6ToggleEv
 306 000c 00000000 		.word	_ZN3Pin3SetEb
 307 0010 00000000 		.word	_ZN3Pin4ReadEv
 308              		.text
 309              	.Letext0:
 310              		.file 2 "/opt/gcc-arm-none-eabi-9-2020-q2/arm-none-eabi/include/machine/_default_types.h"
 311              		.file 3 "/opt/gcc-arm-none-eabi-9-2020-q2/arm-none-eabi/include/sys/_stdint.h"
 312              		.file 4 "/opt/gcc-arm-none-eabi-9-2020-q2/arm-none-eabi/include/stdint.h"
 313              		.file 5 "Drivers/CMSIS/Device/ST/STM32G0xx/Include/system_stm32g0xx.h"
 314              		.file 6 "Drivers/CMSIS/Device/ST/STM32G0xx/Include/stm32g071xx.h"
 315              		.file 7 "/opt/gcc-arm-none-eabi-9-2020-q2/lib/gcc/arm-none-eabi/9.3.1/include/stddef.h"
 316              		.file 8 "Drivers/STM32G0xx_HAL_Driver/Inc/stm32g0xx_hal_def.h"
 317              		.file 9 "Drivers/STM32G0xx_HAL_Driver/Inc/stm32g0xx_hal_gpio.h"
 318              		.file 10 "Drivers/STM32G0xx_HAL_Driver/Inc/stm32g0xx_hal_dma.h"
 319              		.file 11 "Drivers/STM32G0xx_HAL_Driver/Inc/stm32g0xx_hal_flash.h"
 320              		.file 12 "Drivers/STM32G0xx_HAL_Driver/Inc/stm32g0xx_hal_i2c.h"
 321              		.file 13 "Drivers/STM32G0xx_HAL_Driver/Inc/stm32g0xx_hal_tim.h"
 322              		.file 14 "Drivers/STM32G0xx_HAL_Driver/Inc/stm32g0xx_hal_uart.h"
ARM GAS  /tmp/ccYsjciW.s 			page 7


 323              		.file 15 "Drivers/STM32G0xx_HAL_Driver/Inc/stm32g0xx_hal.h"
 324              		.file 16 "alohal/globals.hpp"
 325              		.file 17 "/opt/gcc-arm-none-eabi-9-2020-q2/arm-none-eabi/include/c++/9.3.1/bits/basic_string.h"
 326              		.file 18 "/opt/gcc-arm-none-eabi-9-2020-q2/arm-none-eabi/include/c++/9.3.1/type_traits"
 327              		.file 19 "/opt/gcc-arm-none-eabi-9-2020-q2/arm-none-eabi/include/c++/9.3.1/arm-none-eabi/thumb/v6-
 328              		.file 20 "/opt/gcc-arm-none-eabi-9-2020-q2/arm-none-eabi/include/c++/9.3.1/bits/stl_pair.h"
 329              		.file 21 "/opt/gcc-arm-none-eabi-9-2020-q2/arm-none-eabi/include/c++/9.3.1/debug/debug.h"
 330              		.file 22 "/opt/gcc-arm-none-eabi-9-2020-q2/arm-none-eabi/include/c++/9.3.1/cwchar"
 331              		.file 23 "/opt/gcc-arm-none-eabi-9-2020-q2/arm-none-eabi/include/c++/9.3.1/bits/char_traits.h"
 332              		.file 24 "/opt/gcc-arm-none-eabi-9-2020-q2/arm-none-eabi/include/c++/9.3.1/cstdint"
 333              		.file 25 "/opt/gcc-arm-none-eabi-9-2020-q2/arm-none-eabi/include/c++/9.3.1/bits/exception_ptr.h"
 334              		.file 26 "/opt/gcc-arm-none-eabi-9-2020-q2/arm-none-eabi/include/c++/9.3.1/new"
 335              		.file 27 "/opt/gcc-arm-none-eabi-9-2020-q2/arm-none-eabi/include/c++/9.3.1/bits/allocator.h"
 336              		.file 28 "/opt/gcc-arm-none-eabi-9-2020-q2/arm-none-eabi/include/c++/9.3.1/clocale"
 337              		.file 29 "/opt/gcc-arm-none-eabi-9-2020-q2/arm-none-eabi/include/c++/9.3.1/limits"
 338              		.file 30 "/opt/gcc-arm-none-eabi-9-2020-q2/arm-none-eabi/include/c++/9.3.1/string_view"
 339              		.file 31 "/opt/gcc-arm-none-eabi-9-2020-q2/arm-none-eabi/include/c++/9.3.1/cstdlib"
 340              		.file 32 "/opt/gcc-arm-none-eabi-9-2020-q2/arm-none-eabi/include/c++/9.3.1/cstdio"
 341              		.file 33 "/opt/gcc-arm-none-eabi-9-2020-q2/arm-none-eabi/include/c++/9.3.1/bits/alloc_traits.h"
 342              		.file 34 "/opt/gcc-arm-none-eabi-9-2020-q2/arm-none-eabi/include/c++/9.3.1/initializer_list"
 343              		.file 35 "/opt/gcc-arm-none-eabi-9-2020-q2/arm-none-eabi/include/c++/9.3.1/bits/stringfwd.h"
 344              		.file 36 "/opt/gcc-arm-none-eabi-9-2020-q2/arm-none-eabi/include/c++/9.3.1/utility"
 345              		.file 37 "/opt/gcc-arm-none-eabi-9-2020-q2/arm-none-eabi/include/c++/9.3.1/bits/uses_allocator.h"
 346              		.file 38 "/opt/gcc-arm-none-eabi-9-2020-q2/arm-none-eabi/include/c++/9.3.1/tuple"
 347              		.file 39 "/opt/gcc-arm-none-eabi-9-2020-q2/arm-none-eabi/include/c++/9.3.1/bits/stl_vector.h"
 348              		.file 40 "/opt/gcc-arm-none-eabi-9-2020-q2/arm-none-eabi/include/c++/9.3.1/bits/vector.tcc"
 349              		.file 41 "/opt/gcc-arm-none-eabi-9-2020-q2/arm-none-eabi/include/c++/9.3.1/bits/stl_iterator_base_
 350              		.file 42 "/opt/gcc-arm-none-eabi-9-2020-q2/arm-none-eabi/include/c++/9.3.1/bits/cpp_type_traits.h"
 351              		.file 43 "/opt/gcc-arm-none-eabi-9-2020-q2/arm-none-eabi/include/c++/9.3.1/bits/algorithmfwd.h"
 352              		.file 44 "/opt/gcc-arm-none-eabi-9-2020-q2/arm-none-eabi/include/c++/9.3.1/optional"
 353              		.file 45 "/opt/gcc-arm-none-eabi-9-2020-q2/arm-none-eabi/include/c++/9.3.1/bits/stl_function.h"
 354              		.file 46 "/opt/gcc-arm-none-eabi-9-2020-q2/arm-none-eabi/include/c++/9.3.1/functional"
 355              		.file 47 "/opt/gcc-arm-none-eabi-9-2020-q2/arm-none-eabi/include/c++/9.3.1/bits/stl_tree.h"
 356              		.file 48 "/opt/gcc-arm-none-eabi-9-2020-q2/arm-none-eabi/include/c++/9.3.1/bits/stl_map.h"
 357              		.file 49 "/opt/gcc-arm-none-eabi-9-2020-q2/arm-none-eabi/include/c++/9.3.1/bits/predefined_ops.h"
 358              		.file 50 "/opt/gcc-arm-none-eabi-9-2020-q2/arm-none-eabi/include/c++/9.3.1/ext/new_allocator.h"
 359              		.file 51 "/opt/gcc-arm-none-eabi-9-2020-q2/arm-none-eabi/include/c++/9.3.1/ext/numeric_traits.h"
 360              		.file 52 "/opt/gcc-arm-none-eabi-9-2020-q2/arm-none-eabi/include/c++/9.3.1/ext/alloc_traits.h"
 361              		.file 53 "/opt/gcc-arm-none-eabi-9-2020-q2/arm-none-eabi/include/c++/9.3.1/bits/stl_iterator.h"
 362              		.file 54 "/opt/gcc-arm-none-eabi-9-2020-q2/arm-none-eabi/include/sys/_types.h"
 363              		.file 55 "/opt/gcc-arm-none-eabi-9-2020-q2/arm-none-eabi/include/sys/reent.h"
 364              		.file 56 "/opt/gcc-arm-none-eabi-9-2020-q2/arm-none-eabi/include/sys/lock.h"
 365              		.file 57 "/opt/gcc-arm-none-eabi-9-2020-q2/lib/gcc/arm-none-eabi/9.3.1/include/stdarg.h"
 366              		.file 58 "/opt/gcc-arm-none-eabi-9-2020-q2/arm-none-eabi/include/wchar.h"
 367              		.file 59 "/opt/gcc-arm-none-eabi-9-2020-q2/arm-none-eabi/include/locale.h"
 368              		.file 60 "/opt/gcc-arm-none-eabi-9-2020-q2/arm-none-eabi/include/ctype.h"
 369              		.file 61 "/opt/gcc-arm-none-eabi-9-2020-q2/arm-none-eabi/include/stdlib.h"
 370              		.file 62 "/opt/gcc-arm-none-eabi-9-2020-q2/arm-none-eabi/include/stdio.h"
 371              		.file 63 "/opt/gcc-arm-none-eabi-9-2020-q2/arm-none-eabi/include/sys/errno.h"
 372              		.file 64 "alohal/irq/irq_handler.hpp"
 373              		.file 65 "alohal/irq/irq_observer.hpp"
 374              		.file 66 "alohal/irq/irq_multi_handler.hpp"
 375              		.file 67 "alohal/gpio/pin_irq.hpp"
 376              		.file 68 "/opt/gcc-arm-none-eabi-9-2020-q2/arm-none-eabi/include/c++/9.3.1/pstl/execution_defs.h"
 377              		.file 69 "alohal/uart/serial_line.hpp"
 378              		.file 70 "alohal/uart/uart.hpp"
 379              		.file 71 "alohal/mcu/configuration/externs.hpp"
ARM GAS  /tmp/ccYsjciW.s 			page 8


 380              		.file 72 "alohal/timer/TIM_channel.hpp"
 381              		.file 73 "alohal/timer/timer.hpp"
 382              		.file 74 "alohal/i2c/i2c_master.hpp"
 383              		.file 75 "alohal/mcu/mcu.hpp"
 384              		.file 76 "alohal/cli/command.hpp"
 385              		.file 77 "alohal/cli/history.hpp"
 386              		.file 78 "alohal/filesystem/entry.hpp"
 387              		.file 79 "alohal/filesystem/executable.hpp"
 388              		.file 80 "alohal/cli/cli.hpp"
 389              		.file 81 "alohal/filesystem/filesystem.hpp"
 390              		.file 82 "alohal/filesystem/directory.hpp"
 391              		.file 83 "alohal/filesystem/file.hpp"
 392              		.file 84 "alohal/misc/text_transform.hpp"
 393              		.file 85 "alohal/events/planner/planner_phase.hpp"
 394              		.file 86 "alohal/events/planner/planner.hpp"
 395              		.file 87 "alohal/device/device.hpp"
 396              		.file 88 "alohal/misc/invocation_wrapper.hpp"
 397              		.file 89 "alohal/gpio/pin.hpp"
 398              		.file 90 "Drivers/STM32G0xx_HAL_Driver/Inc/stm32g0xx_ll_dma.h"
 399              		.file 91 "<built-in>"
ARM GAS  /tmp/ccYsjciW.s 			page 9


DEFINED SYMBOLS
                            *ABS*:0000000000000000 pin.cpp
     /tmp/ccYsjciW.s:16     .text._ZN3Pin6ToggleEv:0000000000000000 $t
     /tmp/ccYsjciW.s:24     .text._ZN3Pin6ToggleEv:0000000000000000 _ZN3Pin6ToggleEv
     /tmp/ccYsjciW.s:64     .text._ZN3Pin6ToggleEv:000000000000001c $d
     /tmp/ccYsjciW.s:69     .text._ZN3Pin3SetEb:0000000000000000 $t
     /tmp/ccYsjciW.s:76     .text._ZN3Pin3SetEb:0000000000000000 _ZN3Pin3SetEb
     /tmp/ccYsjciW.s:118    .text._ZN3Pin3SetEb:0000000000000020 $d
     /tmp/ccYsjciW.s:123    .text._ZN3Pin4ReadEv:0000000000000000 $t
     /tmp/ccYsjciW.s:130    .text._ZN3Pin4ReadEv:0000000000000000 _ZN3Pin4ReadEv
     /tmp/ccYsjciW.s:173    .text._ZN3Pin4ReadEv:0000000000000024 $d
     /tmp/ccYsjciW.s:178    .text._ZN3PinC2Ech:0000000000000000 $t
     /tmp/ccYsjciW.s:185    .text._ZN3PinC2Ech:0000000000000000 _ZN3PinC2Ech
     /tmp/ccYsjciW.s:242    .text._ZN3PinC2Ech:0000000000000034 $d
     /tmp/ccYsjciW.s:185    .text._ZN3PinC2Ech:0000000000000000 _ZN3PinC1Ech
     /tmp/ccYsjciW.s:249    .text._ZN3PineqERKS_:0000000000000000 $t
     /tmp/ccYsjciW.s:256    .text._ZN3PineqERKS_:0000000000000000 _ZN3PineqERKS_
     /tmp/ccYsjciW.s:295    .rodata._ZTS3Pin:0000000000000000 _ZTS3Pin
     /tmp/ccYsjciW.s:288    .rodata._ZTI3Pin:0000000000000000 _ZTI3Pin
     /tmp/ccYsjciW.s:302    .rodata._ZTV3Pin:0000000000000000 _ZTV3Pin
     /tmp/ccYsjciW.s:285    .rodata._ZTI3Pin:0000000000000000 $d
     /tmp/ccYsjciW.s:292    .rodata._ZTS3Pin:0000000000000000 $d
     /tmp/ccYsjciW.s:298    .rodata._ZTV3Pin:0000000000000000 $d

UNDEFINED SYMBOLS
HAL_GPIO_TogglePin
HAL_GPIO_WritePin
HAL_GPIO_ReadPin
_Z6devicev
_Znwj
_ZN7Pin_IRQC1EiP17IRQ_multi_handlerIiE
_ZTVN10__cxxabiv117__class_type_infoE
