ARM GAS  /tmp/ccvq3iEJ.s 			page 1


   1              		.cpu cortex-m0plus
   2              		.eabi_attribute 20, 1
   3              		.eabi_attribute 21, 1
   4              		.eabi_attribute 23, 3
   5              		.eabi_attribute 24, 1
   6              		.eabi_attribute 25, 1
   7              		.eabi_attribute 26, 1
   8              		.eabi_attribute 30, 1
   9              		.eabi_attribute 34, 0
  10              		.eabi_attribute 18, 4
  11              		.file	"stm32g0xx_hal_msp.c"
  12              		.text
  13              	.Ltext0:
  14              		.cfi_sections	.debug_frame
  15              		.section	.text.HAL_MspInit,"ax",%progbits
  16              		.align	1
  17              		.global	HAL_MspInit
  18              		.arch armv6s-m
  19              		.syntax unified
  20              		.code	16
  21              		.thumb_func
  22              		.fpu softvfp
  24              	HAL_MspInit:
  25              	.LFB452:
  26              		.file 1 "Src/stm32g0xx_hal_msp.c"
   1:Src/stm32g0xx_hal_msp.c **** /* USER CODE BEGIN Header */
   2:Src/stm32g0xx_hal_msp.c **** /**
   3:Src/stm32g0xx_hal_msp.c ****   ******************************************************************************
   4:Src/stm32g0xx_hal_msp.c ****   * @file         stm32g0xx_hal_msp.c
   5:Src/stm32g0xx_hal_msp.c ****   * @brief        This file provides code for the MSP Initialization
   6:Src/stm32g0xx_hal_msp.c ****   *               and de-Initialization codes.
   7:Src/stm32g0xx_hal_msp.c ****   ******************************************************************************
   8:Src/stm32g0xx_hal_msp.c ****   * @attention
   9:Src/stm32g0xx_hal_msp.c ****   *
  10:Src/stm32g0xx_hal_msp.c ****   * <h2><center>&copy; Copyright (c) 2021 STMicroelectronics.
  11:Src/stm32g0xx_hal_msp.c ****   * All rights reserved.</center></h2>
  12:Src/stm32g0xx_hal_msp.c ****   *
  13:Src/stm32g0xx_hal_msp.c ****   * This software component is licensed by ST under BSD 3-Clause license,
  14:Src/stm32g0xx_hal_msp.c ****   * the "License"; You may not use this file except in compliance with the
  15:Src/stm32g0xx_hal_msp.c ****   * License. You may obtain a copy of the License at:
  16:Src/stm32g0xx_hal_msp.c ****   *                        opensource.org/licenses/BSD-3-Clause
  17:Src/stm32g0xx_hal_msp.c ****   *
  18:Src/stm32g0xx_hal_msp.c ****   ******************************************************************************
  19:Src/stm32g0xx_hal_msp.c ****   */
  20:Src/stm32g0xx_hal_msp.c **** /* USER CODE END Header */
  21:Src/stm32g0xx_hal_msp.c **** 
  22:Src/stm32g0xx_hal_msp.c **** /* Includes ------------------------------------------------------------------*/
  23:Src/stm32g0xx_hal_msp.c **** #include "main.h"
  24:Src/stm32g0xx_hal_msp.c **** /* USER CODE BEGIN Includes */
  25:Src/stm32g0xx_hal_msp.c **** 
  26:Src/stm32g0xx_hal_msp.c **** /* USER CODE END Includes */
  27:Src/stm32g0xx_hal_msp.c **** 
  28:Src/stm32g0xx_hal_msp.c **** /* Private typedef -----------------------------------------------------------*/
  29:Src/stm32g0xx_hal_msp.c **** /* USER CODE BEGIN TD */
  30:Src/stm32g0xx_hal_msp.c **** 
  31:Src/stm32g0xx_hal_msp.c **** /* USER CODE END TD */
  32:Src/stm32g0xx_hal_msp.c **** 
ARM GAS  /tmp/ccvq3iEJ.s 			page 2


  33:Src/stm32g0xx_hal_msp.c **** /* Private define ------------------------------------------------------------*/
  34:Src/stm32g0xx_hal_msp.c **** /* USER CODE BEGIN Define */
  35:Src/stm32g0xx_hal_msp.c **** 
  36:Src/stm32g0xx_hal_msp.c **** /* USER CODE END Define */
  37:Src/stm32g0xx_hal_msp.c **** 
  38:Src/stm32g0xx_hal_msp.c **** /* Private macro -------------------------------------------------------------*/
  39:Src/stm32g0xx_hal_msp.c **** /* USER CODE BEGIN Macro */
  40:Src/stm32g0xx_hal_msp.c **** 
  41:Src/stm32g0xx_hal_msp.c **** /* USER CODE END Macro */
  42:Src/stm32g0xx_hal_msp.c **** 
  43:Src/stm32g0xx_hal_msp.c **** /* Private variables ---------------------------------------------------------*/
  44:Src/stm32g0xx_hal_msp.c **** /* USER CODE BEGIN PV */
  45:Src/stm32g0xx_hal_msp.c **** 
  46:Src/stm32g0xx_hal_msp.c **** /* USER CODE END PV */
  47:Src/stm32g0xx_hal_msp.c **** 
  48:Src/stm32g0xx_hal_msp.c **** /* Private function prototypes -----------------------------------------------*/
  49:Src/stm32g0xx_hal_msp.c **** /* USER CODE BEGIN PFP */
  50:Src/stm32g0xx_hal_msp.c **** 
  51:Src/stm32g0xx_hal_msp.c **** /* USER CODE END PFP */
  52:Src/stm32g0xx_hal_msp.c **** 
  53:Src/stm32g0xx_hal_msp.c **** /* External functions --------------------------------------------------------*/
  54:Src/stm32g0xx_hal_msp.c **** /* USER CODE BEGIN ExternalFunctions */
  55:Src/stm32g0xx_hal_msp.c **** 
  56:Src/stm32g0xx_hal_msp.c **** /* USER CODE END ExternalFunctions */
  57:Src/stm32g0xx_hal_msp.c **** 
  58:Src/stm32g0xx_hal_msp.c **** /* USER CODE BEGIN 0 */
  59:Src/stm32g0xx_hal_msp.c **** 
  60:Src/stm32g0xx_hal_msp.c **** /* USER CODE END 0 */
  61:Src/stm32g0xx_hal_msp.c **** /**
  62:Src/stm32g0xx_hal_msp.c ****   * Initializes the Global MSP.
  63:Src/stm32g0xx_hal_msp.c ****   */
  64:Src/stm32g0xx_hal_msp.c **** void HAL_MspInit(void)
  65:Src/stm32g0xx_hal_msp.c **** {
  27              		.loc 1 65 1 view -0
  28              		.cfi_startproc
  29              		@ args = 0, pretend = 0, frame = 8
  30              		@ frame_needed = 0, uses_anonymous_args = 0
  31 0000 00B5     		push	{lr}
  32              	.LCFI0:
  33              		.cfi_def_cfa_offset 4
  34              		.cfi_offset 14, -4
  35 0002 83B0     		sub	sp, sp, #12
  36              	.LCFI1:
  37              		.cfi_def_cfa_offset 16
  66:Src/stm32g0xx_hal_msp.c ****   /* USER CODE BEGIN MspInit 0 */
  67:Src/stm32g0xx_hal_msp.c **** 
  68:Src/stm32g0xx_hal_msp.c ****   /* USER CODE END MspInit 0 */
  69:Src/stm32g0xx_hal_msp.c **** 
  70:Src/stm32g0xx_hal_msp.c ****   __HAL_RCC_SYSCFG_CLK_ENABLE();
  38              		.loc 1 70 3 view .LVU1
  39              	.LBB2:
  40              		.loc 1 70 3 view .LVU2
  41              		.loc 1 70 3 view .LVU3
  42 0004 0B4B     		ldr	r3, .L2
  43 0006 196C     		ldr	r1, [r3, #64]
  44 0008 0122     		movs	r2, #1
  45 000a 1143     		orrs	r1, r2
ARM GAS  /tmp/ccvq3iEJ.s 			page 3


  46 000c 1964     		str	r1, [r3, #64]
  47              		.loc 1 70 3 view .LVU4
  48 000e 196C     		ldr	r1, [r3, #64]
  49 0010 0A40     		ands	r2, r1
  50 0012 0092     		str	r2, [sp]
  51              		.loc 1 70 3 view .LVU5
  52 0014 009A     		ldr	r2, [sp]
  53              	.LBE2:
  54              		.loc 1 70 3 view .LVU6
  71:Src/stm32g0xx_hal_msp.c ****   __HAL_RCC_PWR_CLK_ENABLE();
  55              		.loc 1 71 3 view .LVU7
  56              	.LBB3:
  57              		.loc 1 71 3 view .LVU8
  58              		.loc 1 71 3 view .LVU9
  59 0016 DA6B     		ldr	r2, [r3, #60]
  60 0018 8021     		movs	r1, #128
  61 001a 4905     		lsls	r1, r1, #21
  62 001c 0A43     		orrs	r2, r1
  63 001e DA63     		str	r2, [r3, #60]
  64              		.loc 1 71 3 view .LVU10
  65 0020 DB6B     		ldr	r3, [r3, #60]
  66 0022 0B40     		ands	r3, r1
  67 0024 0193     		str	r3, [sp, #4]
  68              		.loc 1 71 3 view .LVU11
  69 0026 019B     		ldr	r3, [sp, #4]
  70              	.LBE3:
  71              		.loc 1 71 3 view .LVU12
  72:Src/stm32g0xx_hal_msp.c **** 
  73:Src/stm32g0xx_hal_msp.c ****   /* System interrupt init*/
  74:Src/stm32g0xx_hal_msp.c **** 
  75:Src/stm32g0xx_hal_msp.c ****   /** Disable the internal Pull-Up in Dead Battery pins of UCPD peripheral
  76:Src/stm32g0xx_hal_msp.c ****   */
  77:Src/stm32g0xx_hal_msp.c ****   HAL_SYSCFG_StrobeDBattpinsConfig(SYSCFG_CFGR1_UCPD1_STROBE | SYSCFG_CFGR1_UCPD2_STROBE);
  72              		.loc 1 77 3 view .LVU13
  73 0028 C020     		movs	r0, #192
  74 002a C000     		lsls	r0, r0, #3
  75 002c FFF7FEFF 		bl	HAL_SYSCFG_StrobeDBattpinsConfig
  76              	.LVL0:
  78:Src/stm32g0xx_hal_msp.c **** 
  79:Src/stm32g0xx_hal_msp.c ****   /* USER CODE BEGIN MspInit 1 */
  80:Src/stm32g0xx_hal_msp.c **** 
  81:Src/stm32g0xx_hal_msp.c ****   /* USER CODE END MspInit 1 */
  82:Src/stm32g0xx_hal_msp.c **** }
  77              		.loc 1 82 1 is_stmt 0 view .LVU14
  78 0030 03B0     		add	sp, sp, #12
  79              		@ sp needed
  80 0032 00BD     		pop	{pc}
  81              	.L3:
  82              		.align	2
  83              	.L2:
  84 0034 00100240 		.word	1073876992
  85              		.cfi_endproc
  86              	.LFE452:
  88              		.section	.text.HAL_ADC_MspInit,"ax",%progbits
  89              		.align	1
  90              		.global	HAL_ADC_MspInit
  91              		.syntax unified
ARM GAS  /tmp/ccvq3iEJ.s 			page 4


  92              		.code	16
  93              		.thumb_func
  94              		.fpu softvfp
  96              	HAL_ADC_MspInit:
  97              	.LVL1:
  98              	.LFB453:
  83:Src/stm32g0xx_hal_msp.c **** 
  84:Src/stm32g0xx_hal_msp.c **** /**
  85:Src/stm32g0xx_hal_msp.c **** * @brief ADC MSP Initialization
  86:Src/stm32g0xx_hal_msp.c **** * This function configures the hardware resources used in this example
  87:Src/stm32g0xx_hal_msp.c **** * @param hadc: ADC handle pointer
  88:Src/stm32g0xx_hal_msp.c **** * @retval None
  89:Src/stm32g0xx_hal_msp.c **** */
  90:Src/stm32g0xx_hal_msp.c **** void HAL_ADC_MspInit(ADC_HandleTypeDef* hadc)
  91:Src/stm32g0xx_hal_msp.c **** {
  99              		.loc 1 91 1 is_stmt 1 view -0
 100              		.cfi_startproc
 101              		@ args = 0, pretend = 0, frame = 32
 102              		@ frame_needed = 0, uses_anonymous_args = 0
 103              		.loc 1 91 1 is_stmt 0 view .LVU16
 104 0000 70B5     		push	{r4, r5, r6, lr}
 105              	.LCFI2:
 106              		.cfi_def_cfa_offset 16
 107              		.cfi_offset 4, -16
 108              		.cfi_offset 5, -12
 109              		.cfi_offset 6, -8
 110              		.cfi_offset 14, -4
 111 0002 88B0     		sub	sp, sp, #32
 112              	.LCFI3:
 113              		.cfi_def_cfa_offset 48
 114 0004 0400     		movs	r4, r0
  92:Src/stm32g0xx_hal_msp.c ****   GPIO_InitTypeDef GPIO_InitStruct = {0};
 115              		.loc 1 92 3 is_stmt 1 view .LVU17
 116              		.loc 1 92 20 is_stmt 0 view .LVU18
 117 0006 1422     		movs	r2, #20
 118 0008 0021     		movs	r1, #0
 119 000a 03A8     		add	r0, sp, #12
 120              	.LVL2:
 121              		.loc 1 92 20 view .LVU19
 122 000c FFF7FEFF 		bl	memset
 123              	.LVL3:
  93:Src/stm32g0xx_hal_msp.c ****   if(hadc->Instance==ADC1)
 124              		.loc 1 93 3 is_stmt 1 view .LVU20
 125              		.loc 1 93 10 is_stmt 0 view .LVU21
 126 0010 2268     		ldr	r2, [r4]
 127              		.loc 1 93 5 view .LVU22
 128 0012 194B     		ldr	r3, .L7
 129 0014 9A42     		cmp	r2, r3
 130 0016 01D0     		beq	.L6
 131              	.LVL4:
 132              	.L4:
  94:Src/stm32g0xx_hal_msp.c ****   {
  95:Src/stm32g0xx_hal_msp.c ****   /* USER CODE BEGIN ADC1_MspInit 0 */
  96:Src/stm32g0xx_hal_msp.c **** 
  97:Src/stm32g0xx_hal_msp.c ****   /* USER CODE END ADC1_MspInit 0 */
  98:Src/stm32g0xx_hal_msp.c ****     /* Peripheral clock enable */
  99:Src/stm32g0xx_hal_msp.c ****     __HAL_RCC_ADC_CLK_ENABLE();
ARM GAS  /tmp/ccvq3iEJ.s 			page 5


 100:Src/stm32g0xx_hal_msp.c **** 
 101:Src/stm32g0xx_hal_msp.c ****     __HAL_RCC_GPIOA_CLK_ENABLE();
 102:Src/stm32g0xx_hal_msp.c ****     __HAL_RCC_GPIOB_CLK_ENABLE();
 103:Src/stm32g0xx_hal_msp.c ****     /**ADC1 GPIO Configuration
 104:Src/stm32g0xx_hal_msp.c ****     PA1     ------> ADC1_IN1
 105:Src/stm32g0xx_hal_msp.c ****     PA6     ------> ADC1_IN6
 106:Src/stm32g0xx_hal_msp.c ****     PA7     ------> ADC1_IN7
 107:Src/stm32g0xx_hal_msp.c ****     PB1     ------> ADC1_IN9
 108:Src/stm32g0xx_hal_msp.c ****     */
 109:Src/stm32g0xx_hal_msp.c ****     GPIO_InitStruct.Pin = CS_MON_Pin|B2_MON_Pin|B1_MON_Pin;
 110:Src/stm32g0xx_hal_msp.c ****     GPIO_InitStruct.Mode = GPIO_MODE_ANALOG;
 111:Src/stm32g0xx_hal_msp.c ****     GPIO_InitStruct.Pull = GPIO_NOPULL;
 112:Src/stm32g0xx_hal_msp.c ****     HAL_GPIO_Init(GPIOA, &GPIO_InitStruct);
 113:Src/stm32g0xx_hal_msp.c **** 
 114:Src/stm32g0xx_hal_msp.c ****     GPIO_InitStruct.Pin = OUT_MON_Pin;
 115:Src/stm32g0xx_hal_msp.c ****     GPIO_InitStruct.Mode = GPIO_MODE_ANALOG;
 116:Src/stm32g0xx_hal_msp.c ****     GPIO_InitStruct.Pull = GPIO_NOPULL;
 117:Src/stm32g0xx_hal_msp.c ****     HAL_GPIO_Init(OUT_MON_GPIO_Port, &GPIO_InitStruct);
 118:Src/stm32g0xx_hal_msp.c **** 
 119:Src/stm32g0xx_hal_msp.c ****   /* USER CODE BEGIN ADC1_MspInit 1 */
 120:Src/stm32g0xx_hal_msp.c **** 
 121:Src/stm32g0xx_hal_msp.c ****   /* USER CODE END ADC1_MspInit 1 */
 122:Src/stm32g0xx_hal_msp.c ****   }
 123:Src/stm32g0xx_hal_msp.c **** 
 124:Src/stm32g0xx_hal_msp.c **** }
 133              		.loc 1 124 1 view .LVU23
 134 0018 08B0     		add	sp, sp, #32
 135              		@ sp needed
 136 001a 70BD     		pop	{r4, r5, r6, pc}
 137              	.LVL5:
 138              	.L6:
  99:Src/stm32g0xx_hal_msp.c **** 
 139              		.loc 1 99 5 is_stmt 1 view .LVU24
 140              	.LBB4:
  99:Src/stm32g0xx_hal_msp.c **** 
 141              		.loc 1 99 5 view .LVU25
  99:Src/stm32g0xx_hal_msp.c **** 
 142              		.loc 1 99 5 view .LVU26
 143 001c 174B     		ldr	r3, .L7+4
 144 001e 196C     		ldr	r1, [r3, #64]
 145 0020 8020     		movs	r0, #128
 146 0022 4003     		lsls	r0, r0, #13
 147 0024 0143     		orrs	r1, r0
 148 0026 1964     		str	r1, [r3, #64]
  99:Src/stm32g0xx_hal_msp.c **** 
 149              		.loc 1 99 5 view .LVU27
 150 0028 1A6C     		ldr	r2, [r3, #64]
 151 002a 0240     		ands	r2, r0
 152 002c 0092     		str	r2, [sp]
  99:Src/stm32g0xx_hal_msp.c **** 
 153              		.loc 1 99 5 view .LVU28
 154 002e 009A     		ldr	r2, [sp]
 155              	.LBE4:
  99:Src/stm32g0xx_hal_msp.c **** 
 156              		.loc 1 99 5 view .LVU29
 101:Src/stm32g0xx_hal_msp.c ****     __HAL_RCC_GPIOB_CLK_ENABLE();
 157              		.loc 1 101 5 view .LVU30
ARM GAS  /tmp/ccvq3iEJ.s 			page 6


 158              	.LBB5:
 101:Src/stm32g0xx_hal_msp.c ****     __HAL_RCC_GPIOB_CLK_ENABLE();
 159              		.loc 1 101 5 view .LVU31
 101:Src/stm32g0xx_hal_msp.c ****     __HAL_RCC_GPIOB_CLK_ENABLE();
 160              		.loc 1 101 5 view .LVU32
 161 0030 596B     		ldr	r1, [r3, #52]
 162 0032 0122     		movs	r2, #1
 163 0034 1143     		orrs	r1, r2
 164 0036 5963     		str	r1, [r3, #52]
 101:Src/stm32g0xx_hal_msp.c ****     __HAL_RCC_GPIOB_CLK_ENABLE();
 165              		.loc 1 101 5 view .LVU33
 166 0038 596B     		ldr	r1, [r3, #52]
 167 003a 0A40     		ands	r2, r1
 168 003c 0192     		str	r2, [sp, #4]
 101:Src/stm32g0xx_hal_msp.c ****     __HAL_RCC_GPIOB_CLK_ENABLE();
 169              		.loc 1 101 5 view .LVU34
 170 003e 019A     		ldr	r2, [sp, #4]
 171              	.LBE5:
 101:Src/stm32g0xx_hal_msp.c ****     __HAL_RCC_GPIOB_CLK_ENABLE();
 172              		.loc 1 101 5 view .LVU35
 102:Src/stm32g0xx_hal_msp.c ****     /**ADC1 GPIO Configuration
 173              		.loc 1 102 5 view .LVU36
 174              	.LBB6:
 102:Src/stm32g0xx_hal_msp.c ****     /**ADC1 GPIO Configuration
 175              		.loc 1 102 5 view .LVU37
 102:Src/stm32g0xx_hal_msp.c ****     /**ADC1 GPIO Configuration
 176              		.loc 1 102 5 view .LVU38
 177 0040 5A6B     		ldr	r2, [r3, #52]
 178 0042 0224     		movs	r4, #2
 179              	.LVL6:
 102:Src/stm32g0xx_hal_msp.c ****     /**ADC1 GPIO Configuration
 180              		.loc 1 102 5 is_stmt 0 view .LVU39
 181 0044 2243     		orrs	r2, r4
 182 0046 5A63     		str	r2, [r3, #52]
 102:Src/stm32g0xx_hal_msp.c ****     /**ADC1 GPIO Configuration
 183              		.loc 1 102 5 is_stmt 1 view .LVU40
 184 0048 5B6B     		ldr	r3, [r3, #52]
 185 004a 2340     		ands	r3, r4
 186 004c 0293     		str	r3, [sp, #8]
 102:Src/stm32g0xx_hal_msp.c ****     /**ADC1 GPIO Configuration
 187              		.loc 1 102 5 view .LVU41
 188 004e 029B     		ldr	r3, [sp, #8]
 189              	.LBE6:
 102:Src/stm32g0xx_hal_msp.c ****     /**ADC1 GPIO Configuration
 190              		.loc 1 102 5 view .LVU42
 109:Src/stm32g0xx_hal_msp.c ****     GPIO_InitStruct.Mode = GPIO_MODE_ANALOG;
 191              		.loc 1 109 5 view .LVU43
 109:Src/stm32g0xx_hal_msp.c ****     GPIO_InitStruct.Mode = GPIO_MODE_ANALOG;
 192              		.loc 1 109 25 is_stmt 0 view .LVU44
 193 0050 C223     		movs	r3, #194
 194 0052 0393     		str	r3, [sp, #12]
 110:Src/stm32g0xx_hal_msp.c ****     GPIO_InitStruct.Pull = GPIO_NOPULL;
 195              		.loc 1 110 5 is_stmt 1 view .LVU45
 110:Src/stm32g0xx_hal_msp.c ****     GPIO_InitStruct.Pull = GPIO_NOPULL;
 196              		.loc 1 110 26 is_stmt 0 view .LVU46
 197 0054 0326     		movs	r6, #3
 198 0056 0496     		str	r6, [sp, #16]
ARM GAS  /tmp/ccvq3iEJ.s 			page 7


 111:Src/stm32g0xx_hal_msp.c ****     HAL_GPIO_Init(GPIOA, &GPIO_InitStruct);
 199              		.loc 1 111 5 is_stmt 1 view .LVU47
 111:Src/stm32g0xx_hal_msp.c ****     HAL_GPIO_Init(GPIOA, &GPIO_InitStruct);
 200              		.loc 1 111 26 is_stmt 0 view .LVU48
 201 0058 0025     		movs	r5, #0
 202 005a 0595     		str	r5, [sp, #20]
 112:Src/stm32g0xx_hal_msp.c **** 
 203              		.loc 1 112 5 is_stmt 1 view .LVU49
 204 005c A020     		movs	r0, #160
 205 005e 03A9     		add	r1, sp, #12
 206 0060 C005     		lsls	r0, r0, #23
 207 0062 FFF7FEFF 		bl	HAL_GPIO_Init
 208              	.LVL7:
 114:Src/stm32g0xx_hal_msp.c ****     GPIO_InitStruct.Mode = GPIO_MODE_ANALOG;
 209              		.loc 1 114 5 view .LVU50
 114:Src/stm32g0xx_hal_msp.c ****     GPIO_InitStruct.Mode = GPIO_MODE_ANALOG;
 210              		.loc 1 114 25 is_stmt 0 view .LVU51
 211 0066 0394     		str	r4, [sp, #12]
 115:Src/stm32g0xx_hal_msp.c ****     GPIO_InitStruct.Pull = GPIO_NOPULL;
 212              		.loc 1 115 5 is_stmt 1 view .LVU52
 115:Src/stm32g0xx_hal_msp.c ****     GPIO_InitStruct.Pull = GPIO_NOPULL;
 213              		.loc 1 115 26 is_stmt 0 view .LVU53
 214 0068 0496     		str	r6, [sp, #16]
 116:Src/stm32g0xx_hal_msp.c ****     HAL_GPIO_Init(OUT_MON_GPIO_Port, &GPIO_InitStruct);
 215              		.loc 1 116 5 is_stmt 1 view .LVU54
 116:Src/stm32g0xx_hal_msp.c ****     HAL_GPIO_Init(OUT_MON_GPIO_Port, &GPIO_InitStruct);
 216              		.loc 1 116 26 is_stmt 0 view .LVU55
 217 006a 0595     		str	r5, [sp, #20]
 117:Src/stm32g0xx_hal_msp.c **** 
 218              		.loc 1 117 5 is_stmt 1 view .LVU56
 219 006c 03A9     		add	r1, sp, #12
 220 006e 0448     		ldr	r0, .L7+8
 221 0070 FFF7FEFF 		bl	HAL_GPIO_Init
 222              	.LVL8:
 223              		.loc 1 124 1 is_stmt 0 view .LVU57
 224 0074 D0E7     		b	.L4
 225              	.L8:
 226 0076 C046     		.align	2
 227              	.L7:
 228 0078 00240140 		.word	1073816576
 229 007c 00100240 		.word	1073876992
 230 0080 00040050 		.word	1342178304
 231              		.cfi_endproc
 232              	.LFE453:
 234              		.section	.text.HAL_ADC_MspDeInit,"ax",%progbits
 235              		.align	1
 236              		.global	HAL_ADC_MspDeInit
 237              		.syntax unified
 238              		.code	16
 239              		.thumb_func
 240              		.fpu softvfp
 242              	HAL_ADC_MspDeInit:
 243              	.LVL9:
 244              	.LFB454:
 125:Src/stm32g0xx_hal_msp.c **** 
 126:Src/stm32g0xx_hal_msp.c **** /**
 127:Src/stm32g0xx_hal_msp.c **** * @brief ADC MSP De-Initialization
ARM GAS  /tmp/ccvq3iEJ.s 			page 8


 128:Src/stm32g0xx_hal_msp.c **** * This function freeze the hardware resources used in this example
 129:Src/stm32g0xx_hal_msp.c **** * @param hadc: ADC handle pointer
 130:Src/stm32g0xx_hal_msp.c **** * @retval None
 131:Src/stm32g0xx_hal_msp.c **** */
 132:Src/stm32g0xx_hal_msp.c **** void HAL_ADC_MspDeInit(ADC_HandleTypeDef* hadc)
 133:Src/stm32g0xx_hal_msp.c **** {
 245              		.loc 1 133 1 is_stmt 1 view -0
 246              		.cfi_startproc
 247              		@ args = 0, pretend = 0, frame = 0
 248              		@ frame_needed = 0, uses_anonymous_args = 0
 249              		.loc 1 133 1 is_stmt 0 view .LVU59
 250 0000 10B5     		push	{r4, lr}
 251              	.LCFI4:
 252              		.cfi_def_cfa_offset 8
 253              		.cfi_offset 4, -8
 254              		.cfi_offset 14, -4
 134:Src/stm32g0xx_hal_msp.c ****   if(hadc->Instance==ADC1)
 255              		.loc 1 134 3 is_stmt 1 view .LVU60
 256              		.loc 1 134 10 is_stmt 0 view .LVU61
 257 0002 0268     		ldr	r2, [r0]
 258              		.loc 1 134 5 view .LVU62
 259 0004 094B     		ldr	r3, .L12
 260 0006 9A42     		cmp	r2, r3
 261 0008 00D0     		beq	.L11
 262              	.LVL10:
 263              	.L9:
 135:Src/stm32g0xx_hal_msp.c ****   {
 136:Src/stm32g0xx_hal_msp.c ****   /* USER CODE BEGIN ADC1_MspDeInit 0 */
 137:Src/stm32g0xx_hal_msp.c **** 
 138:Src/stm32g0xx_hal_msp.c ****   /* USER CODE END ADC1_MspDeInit 0 */
 139:Src/stm32g0xx_hal_msp.c ****     /* Peripheral clock disable */
 140:Src/stm32g0xx_hal_msp.c ****     __HAL_RCC_ADC_CLK_DISABLE();
 141:Src/stm32g0xx_hal_msp.c **** 
 142:Src/stm32g0xx_hal_msp.c ****     /**ADC1 GPIO Configuration
 143:Src/stm32g0xx_hal_msp.c ****     PA1     ------> ADC1_IN1
 144:Src/stm32g0xx_hal_msp.c ****     PA6     ------> ADC1_IN6
 145:Src/stm32g0xx_hal_msp.c ****     PA7     ------> ADC1_IN7
 146:Src/stm32g0xx_hal_msp.c ****     PB1     ------> ADC1_IN9
 147:Src/stm32g0xx_hal_msp.c ****     */
 148:Src/stm32g0xx_hal_msp.c ****     HAL_GPIO_DeInit(GPIOA, CS_MON_Pin|B2_MON_Pin|B1_MON_Pin);
 149:Src/stm32g0xx_hal_msp.c **** 
 150:Src/stm32g0xx_hal_msp.c ****     HAL_GPIO_DeInit(OUT_MON_GPIO_Port, OUT_MON_Pin);
 151:Src/stm32g0xx_hal_msp.c **** 
 152:Src/stm32g0xx_hal_msp.c ****   /* USER CODE BEGIN ADC1_MspDeInit 1 */
 153:Src/stm32g0xx_hal_msp.c **** 
 154:Src/stm32g0xx_hal_msp.c ****   /* USER CODE END ADC1_MspDeInit 1 */
 155:Src/stm32g0xx_hal_msp.c ****   }
 156:Src/stm32g0xx_hal_msp.c **** 
 157:Src/stm32g0xx_hal_msp.c **** }
 264              		.loc 1 157 1 view .LVU63
 265              		@ sp needed
 266 000a 10BD     		pop	{r4, pc}
 267              	.LVL11:
 268              	.L11:
 140:Src/stm32g0xx_hal_msp.c **** 
 269              		.loc 1 140 5 is_stmt 1 view .LVU64
 270 000c 084A     		ldr	r2, .L12+4
ARM GAS  /tmp/ccvq3iEJ.s 			page 9


 271 000e 136C     		ldr	r3, [r2, #64]
 272 0010 0849     		ldr	r1, .L12+8
 273 0012 0B40     		ands	r3, r1
 274 0014 1364     		str	r3, [r2, #64]
 148:Src/stm32g0xx_hal_msp.c **** 
 275              		.loc 1 148 5 view .LVU65
 276 0016 A020     		movs	r0, #160
 277              	.LVL12:
 148:Src/stm32g0xx_hal_msp.c **** 
 278              		.loc 1 148 5 is_stmt 0 view .LVU66
 279 0018 C221     		movs	r1, #194
 280 001a C005     		lsls	r0, r0, #23
 281 001c FFF7FEFF 		bl	HAL_GPIO_DeInit
 282              	.LVL13:
 150:Src/stm32g0xx_hal_msp.c **** 
 283              		.loc 1 150 5 is_stmt 1 view .LVU67
 284 0020 0221     		movs	r1, #2
 285 0022 0548     		ldr	r0, .L12+12
 286 0024 FFF7FEFF 		bl	HAL_GPIO_DeInit
 287              	.LVL14:
 288              		.loc 1 157 1 is_stmt 0 view .LVU68
 289 0028 EFE7     		b	.L9
 290              	.L13:
 291 002a C046     		.align	2
 292              	.L12:
 293 002c 00240140 		.word	1073816576
 294 0030 00100240 		.word	1073876992
 295 0034 FFFFEFFF 		.word	-1048577
 296 0038 00040050 		.word	1342178304
 297              		.cfi_endproc
 298              	.LFE454:
 300              		.section	.text.HAL_I2C_MspInit,"ax",%progbits
 301              		.align	1
 302              		.global	HAL_I2C_MspInit
 303              		.syntax unified
 304              		.code	16
 305              		.thumb_func
 306              		.fpu softvfp
 308              	HAL_I2C_MspInit:
 309              	.LVL15:
 310              	.LFB455:
 158:Src/stm32g0xx_hal_msp.c **** 
 159:Src/stm32g0xx_hal_msp.c **** /**
 160:Src/stm32g0xx_hal_msp.c **** * @brief I2C MSP Initialization
 161:Src/stm32g0xx_hal_msp.c **** * This function configures the hardware resources used in this example
 162:Src/stm32g0xx_hal_msp.c **** * @param hi2c: I2C handle pointer
 163:Src/stm32g0xx_hal_msp.c **** * @retval None
 164:Src/stm32g0xx_hal_msp.c **** */
 165:Src/stm32g0xx_hal_msp.c **** void HAL_I2C_MspInit(I2C_HandleTypeDef* hi2c)
 166:Src/stm32g0xx_hal_msp.c **** {
 311              		.loc 1 166 1 is_stmt 1 view -0
 312              		.cfi_startproc
 313              		@ args = 0, pretend = 0, frame = 32
 314              		@ frame_needed = 0, uses_anonymous_args = 0
 315              		.loc 1 166 1 is_stmt 0 view .LVU70
 316 0000 10B5     		push	{r4, lr}
 317              	.LCFI5:
ARM GAS  /tmp/ccvq3iEJ.s 			page 10


 318              		.cfi_def_cfa_offset 8
 319              		.cfi_offset 4, -8
 320              		.cfi_offset 14, -4
 321 0002 88B0     		sub	sp, sp, #32
 322              	.LCFI6:
 323              		.cfi_def_cfa_offset 40
 324 0004 0400     		movs	r4, r0
 167:Src/stm32g0xx_hal_msp.c ****   GPIO_InitTypeDef GPIO_InitStruct = {0};
 325              		.loc 1 167 3 is_stmt 1 view .LVU71
 326              		.loc 1 167 20 is_stmt 0 view .LVU72
 327 0006 1422     		movs	r2, #20
 328 0008 0021     		movs	r1, #0
 329 000a 03A8     		add	r0, sp, #12
 330              	.LVL16:
 331              		.loc 1 167 20 view .LVU73
 332 000c FFF7FEFF 		bl	memset
 333              	.LVL17:
 168:Src/stm32g0xx_hal_msp.c ****   if(hi2c->Instance==I2C1)
 334              		.loc 1 168 3 is_stmt 1 view .LVU74
 335              		.loc 1 168 10 is_stmt 0 view .LVU75
 336 0010 2268     		ldr	r2, [r4]
 337              		.loc 1 168 5 view .LVU76
 338 0012 134B     		ldr	r3, .L17
 339 0014 9A42     		cmp	r2, r3
 340 0016 01D0     		beq	.L16
 341              	.LVL18:
 342              	.L14:
 169:Src/stm32g0xx_hal_msp.c ****   {
 170:Src/stm32g0xx_hal_msp.c ****   /* USER CODE BEGIN I2C1_MspInit 0 */
 171:Src/stm32g0xx_hal_msp.c **** 
 172:Src/stm32g0xx_hal_msp.c ****   /* USER CODE END I2C1_MspInit 0 */
 173:Src/stm32g0xx_hal_msp.c **** 
 174:Src/stm32g0xx_hal_msp.c ****     __HAL_RCC_GPIOB_CLK_ENABLE();
 175:Src/stm32g0xx_hal_msp.c ****     /**I2C1 GPIO Configuration
 176:Src/stm32g0xx_hal_msp.c ****     PB6     ------> I2C1_SCL
 177:Src/stm32g0xx_hal_msp.c ****     PB7     ------> I2C1_SDA
 178:Src/stm32g0xx_hal_msp.c ****     */
 179:Src/stm32g0xx_hal_msp.c ****     GPIO_InitStruct.Pin = GPIO_PIN_6|GPIO_PIN_7;
 180:Src/stm32g0xx_hal_msp.c ****     GPIO_InitStruct.Mode = GPIO_MODE_AF_OD;
 181:Src/stm32g0xx_hal_msp.c ****     GPIO_InitStruct.Pull = GPIO_PULLUP;
 182:Src/stm32g0xx_hal_msp.c ****     GPIO_InitStruct.Speed = GPIO_SPEED_FREQ_LOW;
 183:Src/stm32g0xx_hal_msp.c ****     GPIO_InitStruct.Alternate = GPIO_AF6_I2C1;
 184:Src/stm32g0xx_hal_msp.c ****     HAL_GPIO_Init(GPIOB, &GPIO_InitStruct);
 185:Src/stm32g0xx_hal_msp.c **** 
 186:Src/stm32g0xx_hal_msp.c ****     /* Peripheral clock enable */
 187:Src/stm32g0xx_hal_msp.c ****     __HAL_RCC_I2C1_CLK_ENABLE();
 188:Src/stm32g0xx_hal_msp.c ****   /* USER CODE BEGIN I2C1_MspInit 1 */
 189:Src/stm32g0xx_hal_msp.c **** 
 190:Src/stm32g0xx_hal_msp.c ****   /* USER CODE END I2C1_MspInit 1 */
 191:Src/stm32g0xx_hal_msp.c ****   }
 192:Src/stm32g0xx_hal_msp.c **** 
 193:Src/stm32g0xx_hal_msp.c **** }
 343              		.loc 1 193 1 view .LVU77
 344 0018 08B0     		add	sp, sp, #32
 345              		@ sp needed
 346 001a 10BD     		pop	{r4, pc}
 347              	.LVL19:
ARM GAS  /tmp/ccvq3iEJ.s 			page 11


 348              	.L16:
 174:Src/stm32g0xx_hal_msp.c ****     /**I2C1 GPIO Configuration
 349              		.loc 1 174 5 is_stmt 1 view .LVU78
 350              	.LBB7:
 174:Src/stm32g0xx_hal_msp.c ****     /**I2C1 GPIO Configuration
 351              		.loc 1 174 5 view .LVU79
 174:Src/stm32g0xx_hal_msp.c ****     /**I2C1 GPIO Configuration
 352              		.loc 1 174 5 view .LVU80
 353 001c 114C     		ldr	r4, .L17+4
 354              	.LVL20:
 174:Src/stm32g0xx_hal_msp.c ****     /**I2C1 GPIO Configuration
 355              		.loc 1 174 5 is_stmt 0 view .LVU81
 356 001e 626B     		ldr	r2, [r4, #52]
 357 0020 0223     		movs	r3, #2
 358 0022 1A43     		orrs	r2, r3
 359 0024 6263     		str	r2, [r4, #52]
 174:Src/stm32g0xx_hal_msp.c ****     /**I2C1 GPIO Configuration
 360              		.loc 1 174 5 is_stmt 1 view .LVU82
 361 0026 626B     		ldr	r2, [r4, #52]
 362 0028 1340     		ands	r3, r2
 363 002a 0193     		str	r3, [sp, #4]
 174:Src/stm32g0xx_hal_msp.c ****     /**I2C1 GPIO Configuration
 364              		.loc 1 174 5 view .LVU83
 365 002c 019B     		ldr	r3, [sp, #4]
 366              	.LBE7:
 174:Src/stm32g0xx_hal_msp.c ****     /**I2C1 GPIO Configuration
 367              		.loc 1 174 5 view .LVU84
 179:Src/stm32g0xx_hal_msp.c ****     GPIO_InitStruct.Mode = GPIO_MODE_AF_OD;
 368              		.loc 1 179 5 view .LVU85
 179:Src/stm32g0xx_hal_msp.c ****     GPIO_InitStruct.Mode = GPIO_MODE_AF_OD;
 369              		.loc 1 179 25 is_stmt 0 view .LVU86
 370 002e C023     		movs	r3, #192
 371 0030 0393     		str	r3, [sp, #12]
 180:Src/stm32g0xx_hal_msp.c ****     GPIO_InitStruct.Pull = GPIO_PULLUP;
 372              		.loc 1 180 5 is_stmt 1 view .LVU87
 180:Src/stm32g0xx_hal_msp.c ****     GPIO_InitStruct.Pull = GPIO_PULLUP;
 373              		.loc 1 180 26 is_stmt 0 view .LVU88
 374 0032 AE3B     		subs	r3, r3, #174
 375 0034 0493     		str	r3, [sp, #16]
 181:Src/stm32g0xx_hal_msp.c ****     GPIO_InitStruct.Speed = GPIO_SPEED_FREQ_LOW;
 376              		.loc 1 181 5 is_stmt 1 view .LVU89
 181:Src/stm32g0xx_hal_msp.c ****     GPIO_InitStruct.Speed = GPIO_SPEED_FREQ_LOW;
 377              		.loc 1 181 26 is_stmt 0 view .LVU90
 378 0036 113B     		subs	r3, r3, #17
 379 0038 0593     		str	r3, [sp, #20]
 182:Src/stm32g0xx_hal_msp.c ****     GPIO_InitStruct.Alternate = GPIO_AF6_I2C1;
 380              		.loc 1 182 5 is_stmt 1 view .LVU91
 182:Src/stm32g0xx_hal_msp.c ****     GPIO_InitStruct.Alternate = GPIO_AF6_I2C1;
 381              		.loc 1 182 27 is_stmt 0 view .LVU92
 382 003a 0023     		movs	r3, #0
 383 003c 0693     		str	r3, [sp, #24]
 183:Src/stm32g0xx_hal_msp.c ****     HAL_GPIO_Init(GPIOB, &GPIO_InitStruct);
 384              		.loc 1 183 5 is_stmt 1 view .LVU93
 183:Src/stm32g0xx_hal_msp.c ****     HAL_GPIO_Init(GPIOB, &GPIO_InitStruct);
 385              		.loc 1 183 31 is_stmt 0 view .LVU94
 386 003e 0633     		adds	r3, r3, #6
 387 0040 0793     		str	r3, [sp, #28]
ARM GAS  /tmp/ccvq3iEJ.s 			page 12


 184:Src/stm32g0xx_hal_msp.c **** 
 388              		.loc 1 184 5 is_stmt 1 view .LVU95
 389 0042 03A9     		add	r1, sp, #12
 390 0044 0848     		ldr	r0, .L17+8
 391 0046 FFF7FEFF 		bl	HAL_GPIO_Init
 392              	.LVL21:
 187:Src/stm32g0xx_hal_msp.c ****   /* USER CODE BEGIN I2C1_MspInit 1 */
 393              		.loc 1 187 5 view .LVU96
 394              	.LBB8:
 187:Src/stm32g0xx_hal_msp.c ****   /* USER CODE BEGIN I2C1_MspInit 1 */
 395              		.loc 1 187 5 view .LVU97
 187:Src/stm32g0xx_hal_msp.c ****   /* USER CODE BEGIN I2C1_MspInit 1 */
 396              		.loc 1 187 5 view .LVU98
 397 004a E26B     		ldr	r2, [r4, #60]
 398 004c 8021     		movs	r1, #128
 399 004e 8903     		lsls	r1, r1, #14
 400 0050 0A43     		orrs	r2, r1
 401 0052 E263     		str	r2, [r4, #60]
 187:Src/stm32g0xx_hal_msp.c ****   /* USER CODE BEGIN I2C1_MspInit 1 */
 402              		.loc 1 187 5 view .LVU99
 403 0054 E36B     		ldr	r3, [r4, #60]
 404 0056 0B40     		ands	r3, r1
 405 0058 0293     		str	r3, [sp, #8]
 187:Src/stm32g0xx_hal_msp.c ****   /* USER CODE BEGIN I2C1_MspInit 1 */
 406              		.loc 1 187 5 view .LVU100
 407 005a 029B     		ldr	r3, [sp, #8]
 408              	.LBE8:
 187:Src/stm32g0xx_hal_msp.c ****   /* USER CODE BEGIN I2C1_MspInit 1 */
 409              		.loc 1 187 5 view .LVU101
 410              		.loc 1 193 1 is_stmt 0 view .LVU102
 411 005c DCE7     		b	.L14
 412              	.L18:
 413 005e C046     		.align	2
 414              	.L17:
 415 0060 00540040 		.word	1073763328
 416 0064 00100240 		.word	1073876992
 417 0068 00040050 		.word	1342178304
 418              		.cfi_endproc
 419              	.LFE455:
 421              		.section	.text.HAL_I2C_MspDeInit,"ax",%progbits
 422              		.align	1
 423              		.global	HAL_I2C_MspDeInit
 424              		.syntax unified
 425              		.code	16
 426              		.thumb_func
 427              		.fpu softvfp
 429              	HAL_I2C_MspDeInit:
 430              	.LVL22:
 431              	.LFB456:
 194:Src/stm32g0xx_hal_msp.c **** 
 195:Src/stm32g0xx_hal_msp.c **** /**
 196:Src/stm32g0xx_hal_msp.c **** * @brief I2C MSP De-Initialization
 197:Src/stm32g0xx_hal_msp.c **** * This function freeze the hardware resources used in this example
 198:Src/stm32g0xx_hal_msp.c **** * @param hi2c: I2C handle pointer
 199:Src/stm32g0xx_hal_msp.c **** * @retval None
 200:Src/stm32g0xx_hal_msp.c **** */
 201:Src/stm32g0xx_hal_msp.c **** void HAL_I2C_MspDeInit(I2C_HandleTypeDef* hi2c)
ARM GAS  /tmp/ccvq3iEJ.s 			page 13


 202:Src/stm32g0xx_hal_msp.c **** {
 432              		.loc 1 202 1 is_stmt 1 view -0
 433              		.cfi_startproc
 434              		@ args = 0, pretend = 0, frame = 0
 435              		@ frame_needed = 0, uses_anonymous_args = 0
 436              		.loc 1 202 1 is_stmt 0 view .LVU104
 437 0000 10B5     		push	{r4, lr}
 438              	.LCFI7:
 439              		.cfi_def_cfa_offset 8
 440              		.cfi_offset 4, -8
 441              		.cfi_offset 14, -4
 203:Src/stm32g0xx_hal_msp.c ****   if(hi2c->Instance==I2C1)
 442              		.loc 1 203 3 is_stmt 1 view .LVU105
 443              		.loc 1 203 10 is_stmt 0 view .LVU106
 444 0002 0268     		ldr	r2, [r0]
 445              		.loc 1 203 5 view .LVU107
 446 0004 094B     		ldr	r3, .L22
 447 0006 9A42     		cmp	r2, r3
 448 0008 00D0     		beq	.L21
 449              	.LVL23:
 450              	.L19:
 204:Src/stm32g0xx_hal_msp.c ****   {
 205:Src/stm32g0xx_hal_msp.c ****   /* USER CODE BEGIN I2C1_MspDeInit 0 */
 206:Src/stm32g0xx_hal_msp.c **** 
 207:Src/stm32g0xx_hal_msp.c ****   /* USER CODE END I2C1_MspDeInit 0 */
 208:Src/stm32g0xx_hal_msp.c ****     /* Peripheral clock disable */
 209:Src/stm32g0xx_hal_msp.c ****     __HAL_RCC_I2C1_CLK_DISABLE();
 210:Src/stm32g0xx_hal_msp.c **** 
 211:Src/stm32g0xx_hal_msp.c ****     /**I2C1 GPIO Configuration
 212:Src/stm32g0xx_hal_msp.c ****     PB6     ------> I2C1_SCL
 213:Src/stm32g0xx_hal_msp.c ****     PB7     ------> I2C1_SDA
 214:Src/stm32g0xx_hal_msp.c ****     */
 215:Src/stm32g0xx_hal_msp.c ****     HAL_GPIO_DeInit(GPIOB, GPIO_PIN_6);
 216:Src/stm32g0xx_hal_msp.c **** 
 217:Src/stm32g0xx_hal_msp.c ****     HAL_GPIO_DeInit(GPIOB, GPIO_PIN_7);
 218:Src/stm32g0xx_hal_msp.c **** 
 219:Src/stm32g0xx_hal_msp.c ****   /* USER CODE BEGIN I2C1_MspDeInit 1 */
 220:Src/stm32g0xx_hal_msp.c **** 
 221:Src/stm32g0xx_hal_msp.c ****   /* USER CODE END I2C1_MspDeInit 1 */
 222:Src/stm32g0xx_hal_msp.c ****   }
 223:Src/stm32g0xx_hal_msp.c **** 
 224:Src/stm32g0xx_hal_msp.c **** }
 451              		.loc 1 224 1 view .LVU108
 452              		@ sp needed
 453 000a 10BD     		pop	{r4, pc}
 454              	.LVL24:
 455              	.L21:
 209:Src/stm32g0xx_hal_msp.c **** 
 456              		.loc 1 209 5 is_stmt 1 view .LVU109
 457 000c 084A     		ldr	r2, .L22+4
 458 000e D36B     		ldr	r3, [r2, #60]
 459 0010 0849     		ldr	r1, .L22+8
 460 0012 0B40     		ands	r3, r1
 461 0014 D363     		str	r3, [r2, #60]
 215:Src/stm32g0xx_hal_msp.c **** 
 462              		.loc 1 215 5 view .LVU110
 463 0016 084C     		ldr	r4, .L22+12
ARM GAS  /tmp/ccvq3iEJ.s 			page 14


 464 0018 4021     		movs	r1, #64
 465 001a 2000     		movs	r0, r4
 466              	.LVL25:
 215:Src/stm32g0xx_hal_msp.c **** 
 467              		.loc 1 215 5 is_stmt 0 view .LVU111
 468 001c FFF7FEFF 		bl	HAL_GPIO_DeInit
 469              	.LVL26:
 217:Src/stm32g0xx_hal_msp.c **** 
 470              		.loc 1 217 5 is_stmt 1 view .LVU112
 471 0020 8021     		movs	r1, #128
 472 0022 2000     		movs	r0, r4
 473 0024 FFF7FEFF 		bl	HAL_GPIO_DeInit
 474              	.LVL27:
 475              		.loc 1 224 1 is_stmt 0 view .LVU113
 476 0028 EFE7     		b	.L19
 477              	.L23:
 478 002a C046     		.align	2
 479              	.L22:
 480 002c 00540040 		.word	1073763328
 481 0030 00100240 		.word	1073876992
 482 0034 FFFFDFFF 		.word	-2097153
 483 0038 00040050 		.word	1342178304
 484              		.cfi_endproc
 485              	.LFE456:
 487              		.section	.text.HAL_TIM_Base_MspInit,"ax",%progbits
 488              		.align	1
 489              		.global	HAL_TIM_Base_MspInit
 490              		.syntax unified
 491              		.code	16
 492              		.thumb_func
 493              		.fpu softvfp
 495              	HAL_TIM_Base_MspInit:
 496              	.LVL28:
 497              	.LFB457:
 225:Src/stm32g0xx_hal_msp.c **** 
 226:Src/stm32g0xx_hal_msp.c **** /**
 227:Src/stm32g0xx_hal_msp.c **** * @brief TIM_Base MSP Initialization
 228:Src/stm32g0xx_hal_msp.c **** * This function configures the hardware resources used in this example
 229:Src/stm32g0xx_hal_msp.c **** * @param htim_base: TIM_Base handle pointer
 230:Src/stm32g0xx_hal_msp.c **** * @retval None
 231:Src/stm32g0xx_hal_msp.c **** */
 232:Src/stm32g0xx_hal_msp.c **** void HAL_TIM_Base_MspInit(TIM_HandleTypeDef* htim_base)
 233:Src/stm32g0xx_hal_msp.c **** {
 498              		.loc 1 233 1 is_stmt 1 view -0
 499              		.cfi_startproc
 500              		@ args = 0, pretend = 0, frame = 8
 501              		@ frame_needed = 0, uses_anonymous_args = 0
 502              		@ link register save eliminated.
 503              		.loc 1 233 1 is_stmt 0 view .LVU115
 504 0000 82B0     		sub	sp, sp, #8
 505              	.LCFI8:
 506              		.cfi_def_cfa_offset 8
 234:Src/stm32g0xx_hal_msp.c ****   if(htim_base->Instance==TIM2)
 507              		.loc 1 234 3 is_stmt 1 view .LVU116
 508              		.loc 1 234 15 is_stmt 0 view .LVU117
 509 0002 0268     		ldr	r2, [r0]
 510              		.loc 1 234 5 view .LVU118
ARM GAS  /tmp/ccvq3iEJ.s 			page 15


 511 0004 8023     		movs	r3, #128
 512 0006 DB05     		lsls	r3, r3, #23
 513 0008 9A42     		cmp	r2, r3
 514 000a 01D0     		beq	.L26
 515              	.L24:
 235:Src/stm32g0xx_hal_msp.c ****   {
 236:Src/stm32g0xx_hal_msp.c ****   /* USER CODE BEGIN TIM2_MspInit 0 */
 237:Src/stm32g0xx_hal_msp.c **** 
 238:Src/stm32g0xx_hal_msp.c ****   /* USER CODE END TIM2_MspInit 0 */
 239:Src/stm32g0xx_hal_msp.c ****     /* Peripheral clock enable */
 240:Src/stm32g0xx_hal_msp.c ****     __HAL_RCC_TIM2_CLK_ENABLE();
 241:Src/stm32g0xx_hal_msp.c ****   /* USER CODE BEGIN TIM2_MspInit 1 */
 242:Src/stm32g0xx_hal_msp.c **** 
 243:Src/stm32g0xx_hal_msp.c ****   /* USER CODE END TIM2_MspInit 1 */
 244:Src/stm32g0xx_hal_msp.c ****   }
 245:Src/stm32g0xx_hal_msp.c **** 
 246:Src/stm32g0xx_hal_msp.c **** }
 516              		.loc 1 246 1 view .LVU119
 517 000c 02B0     		add	sp, sp, #8
 518              		@ sp needed
 519 000e 7047     		bx	lr
 520              	.L26:
 240:Src/stm32g0xx_hal_msp.c ****   /* USER CODE BEGIN TIM2_MspInit 1 */
 521              		.loc 1 240 5 is_stmt 1 view .LVU120
 522              	.LBB9:
 240:Src/stm32g0xx_hal_msp.c ****   /* USER CODE BEGIN TIM2_MspInit 1 */
 523              		.loc 1 240 5 view .LVU121
 240:Src/stm32g0xx_hal_msp.c ****   /* USER CODE BEGIN TIM2_MspInit 1 */
 524              		.loc 1 240 5 view .LVU122
 525 0010 044A     		ldr	r2, .L27
 526 0012 D16B     		ldr	r1, [r2, #60]
 527 0014 0123     		movs	r3, #1
 528 0016 1943     		orrs	r1, r3
 529 0018 D163     		str	r1, [r2, #60]
 240:Src/stm32g0xx_hal_msp.c ****   /* USER CODE BEGIN TIM2_MspInit 1 */
 530              		.loc 1 240 5 view .LVU123
 531 001a D26B     		ldr	r2, [r2, #60]
 532 001c 1340     		ands	r3, r2
 533 001e 0193     		str	r3, [sp, #4]
 240:Src/stm32g0xx_hal_msp.c ****   /* USER CODE BEGIN TIM2_MspInit 1 */
 534              		.loc 1 240 5 view .LVU124
 535 0020 019B     		ldr	r3, [sp, #4]
 536              	.LBE9:
 240:Src/stm32g0xx_hal_msp.c ****   /* USER CODE BEGIN TIM2_MspInit 1 */
 537              		.loc 1 240 5 view .LVU125
 538              		.loc 1 246 1 is_stmt 0 view .LVU126
 539 0022 F3E7     		b	.L24
 540              	.L28:
 541              		.align	2
 542              	.L27:
 543 0024 00100240 		.word	1073876992
 544              		.cfi_endproc
 545              	.LFE457:
 547              		.section	.text.HAL_TIM_Base_MspDeInit,"ax",%progbits
 548              		.align	1
 549              		.global	HAL_TIM_Base_MspDeInit
 550              		.syntax unified
ARM GAS  /tmp/ccvq3iEJ.s 			page 16


 551              		.code	16
 552              		.thumb_func
 553              		.fpu softvfp
 555              	HAL_TIM_Base_MspDeInit:
 556              	.LVL29:
 557              	.LFB458:
 247:Src/stm32g0xx_hal_msp.c **** 
 248:Src/stm32g0xx_hal_msp.c **** /**
 249:Src/stm32g0xx_hal_msp.c **** * @brief TIM_Base MSP De-Initialization
 250:Src/stm32g0xx_hal_msp.c **** * This function freeze the hardware resources used in this example
 251:Src/stm32g0xx_hal_msp.c **** * @param htim_base: TIM_Base handle pointer
 252:Src/stm32g0xx_hal_msp.c **** * @retval None
 253:Src/stm32g0xx_hal_msp.c **** */
 254:Src/stm32g0xx_hal_msp.c **** void HAL_TIM_Base_MspDeInit(TIM_HandleTypeDef* htim_base)
 255:Src/stm32g0xx_hal_msp.c **** {
 558              		.loc 1 255 1 is_stmt 1 view -0
 559              		.cfi_startproc
 560              		@ args = 0, pretend = 0, frame = 0
 561              		@ frame_needed = 0, uses_anonymous_args = 0
 562              		@ link register save eliminated.
 256:Src/stm32g0xx_hal_msp.c ****   if(htim_base->Instance==TIM2)
 563              		.loc 1 256 3 view .LVU128
 564              		.loc 1 256 15 is_stmt 0 view .LVU129
 565 0000 0268     		ldr	r2, [r0]
 566              		.loc 1 256 5 view .LVU130
 567 0002 8023     		movs	r3, #128
 568 0004 DB05     		lsls	r3, r3, #23
 569 0006 9A42     		cmp	r2, r3
 570 0008 00D0     		beq	.L31
 571              	.L29:
 257:Src/stm32g0xx_hal_msp.c ****   {
 258:Src/stm32g0xx_hal_msp.c ****   /* USER CODE BEGIN TIM2_MspDeInit 0 */
 259:Src/stm32g0xx_hal_msp.c **** 
 260:Src/stm32g0xx_hal_msp.c ****   /* USER CODE END TIM2_MspDeInit 0 */
 261:Src/stm32g0xx_hal_msp.c ****     /* Peripheral clock disable */
 262:Src/stm32g0xx_hal_msp.c ****     __HAL_RCC_TIM2_CLK_DISABLE();
 263:Src/stm32g0xx_hal_msp.c ****   /* USER CODE BEGIN TIM2_MspDeInit 1 */
 264:Src/stm32g0xx_hal_msp.c **** 
 265:Src/stm32g0xx_hal_msp.c ****   /* USER CODE END TIM2_MspDeInit 1 */
 266:Src/stm32g0xx_hal_msp.c ****   }
 267:Src/stm32g0xx_hal_msp.c **** 
 268:Src/stm32g0xx_hal_msp.c **** }
 572              		.loc 1 268 1 view .LVU131
 573              		@ sp needed
 574 000a 7047     		bx	lr
 575              	.L31:
 262:Src/stm32g0xx_hal_msp.c ****   /* USER CODE BEGIN TIM2_MspDeInit 1 */
 576              		.loc 1 262 5 is_stmt 1 view .LVU132
 577 000c 024A     		ldr	r2, .L32
 578 000e D36B     		ldr	r3, [r2, #60]
 579 0010 0121     		movs	r1, #1
 580 0012 8B43     		bics	r3, r1
 581 0014 D363     		str	r3, [r2, #60]
 582              		.loc 1 268 1 is_stmt 0 view .LVU133
 583 0016 F8E7     		b	.L29
 584              	.L33:
 585              		.align	2
ARM GAS  /tmp/ccvq3iEJ.s 			page 17


 586              	.L32:
 587 0018 00100240 		.word	1073876992
 588              		.cfi_endproc
 589              	.LFE458:
 591              		.section	.text.HAL_UART_MspInit,"ax",%progbits
 592              		.align	1
 593              		.global	HAL_UART_MspInit
 594              		.syntax unified
 595              		.code	16
 596              		.thumb_func
 597              		.fpu softvfp
 599              	HAL_UART_MspInit:
 600              	.LVL30:
 601              	.LFB459:
 269:Src/stm32g0xx_hal_msp.c **** 
 270:Src/stm32g0xx_hal_msp.c **** /**
 271:Src/stm32g0xx_hal_msp.c **** * @brief UART MSP Initialization
 272:Src/stm32g0xx_hal_msp.c **** * This function configures the hardware resources used in this example
 273:Src/stm32g0xx_hal_msp.c **** * @param huart: UART handle pointer
 274:Src/stm32g0xx_hal_msp.c **** * @retval None
 275:Src/stm32g0xx_hal_msp.c **** */
 276:Src/stm32g0xx_hal_msp.c **** void HAL_UART_MspInit(UART_HandleTypeDef* huart)
 277:Src/stm32g0xx_hal_msp.c **** {
 602              		.loc 1 277 1 is_stmt 1 view -0
 603              		.cfi_startproc
 604              		@ args = 0, pretend = 0, frame = 40
 605              		@ frame_needed = 0, uses_anonymous_args = 0
 606              		.loc 1 277 1 is_stmt 0 view .LVU135
 607 0000 F0B5     		push	{r4, r5, r6, r7, lr}
 608              	.LCFI9:
 609              		.cfi_def_cfa_offset 20
 610              		.cfi_offset 4, -20
 611              		.cfi_offset 5, -16
 612              		.cfi_offset 6, -12
 613              		.cfi_offset 7, -8
 614              		.cfi_offset 14, -4
 615 0002 8BB0     		sub	sp, sp, #44
 616              	.LCFI10:
 617              		.cfi_def_cfa_offset 64
 618 0004 0400     		movs	r4, r0
 278:Src/stm32g0xx_hal_msp.c ****   GPIO_InitTypeDef GPIO_InitStruct = {0};
 619              		.loc 1 278 3 is_stmt 1 view .LVU136
 620              		.loc 1 278 20 is_stmt 0 view .LVU137
 621 0006 1422     		movs	r2, #20
 622 0008 0021     		movs	r1, #0
 623 000a 05A8     		add	r0, sp, #20
 624              	.LVL31:
 625              		.loc 1 278 20 view .LVU138
 626 000c FFF7FEFF 		bl	memset
 627              	.LVL32:
 279:Src/stm32g0xx_hal_msp.c ****   if(huart->Instance==USART2)
 628              		.loc 1 279 3 is_stmt 1 view .LVU139
 629              		.loc 1 279 11 is_stmt 0 view .LVU140
 630 0010 2368     		ldr	r3, [r4]
 631              		.loc 1 279 5 view .LVU141
 632 0012 344A     		ldr	r2, .L39
 633 0014 9342     		cmp	r3, r2
ARM GAS  /tmp/ccvq3iEJ.s 			page 18


 634 0016 04D0     		beq	.L37
 280:Src/stm32g0xx_hal_msp.c ****   {
 281:Src/stm32g0xx_hal_msp.c ****   /* USER CODE BEGIN USART2_MspInit 0 */
 282:Src/stm32g0xx_hal_msp.c **** 
 283:Src/stm32g0xx_hal_msp.c ****   /* USER CODE END USART2_MspInit 0 */
 284:Src/stm32g0xx_hal_msp.c ****     /* Peripheral clock enable */
 285:Src/stm32g0xx_hal_msp.c ****     __HAL_RCC_USART2_CLK_ENABLE();
 286:Src/stm32g0xx_hal_msp.c **** 
 287:Src/stm32g0xx_hal_msp.c ****     __HAL_RCC_GPIOA_CLK_ENABLE();
 288:Src/stm32g0xx_hal_msp.c ****     /**USART2 GPIO Configuration
 289:Src/stm32g0xx_hal_msp.c ****     PA2     ------> USART2_TX
 290:Src/stm32g0xx_hal_msp.c ****     PA3     ------> USART2_RX
 291:Src/stm32g0xx_hal_msp.c ****     */
 292:Src/stm32g0xx_hal_msp.c ****     GPIO_InitStruct.Pin = GPIO_PIN_2|GPIO_PIN_3;
 293:Src/stm32g0xx_hal_msp.c ****     GPIO_InitStruct.Mode = GPIO_MODE_AF_PP;
 294:Src/stm32g0xx_hal_msp.c ****     GPIO_InitStruct.Pull = GPIO_NOPULL;
 295:Src/stm32g0xx_hal_msp.c ****     GPIO_InitStruct.Speed = GPIO_SPEED_FREQ_LOW;
 296:Src/stm32g0xx_hal_msp.c ****     GPIO_InitStruct.Alternate = GPIO_AF1_USART2;
 297:Src/stm32g0xx_hal_msp.c ****     HAL_GPIO_Init(GPIOA, &GPIO_InitStruct);
 298:Src/stm32g0xx_hal_msp.c **** 
 299:Src/stm32g0xx_hal_msp.c ****     /* USART2 interrupt Init */
 300:Src/stm32g0xx_hal_msp.c ****     HAL_NVIC_SetPriority(USART2_IRQn, 0, 0);
 301:Src/stm32g0xx_hal_msp.c ****     HAL_NVIC_EnableIRQ(USART2_IRQn);
 302:Src/stm32g0xx_hal_msp.c ****   /* USER CODE BEGIN USART2_MspInit 1 */
 303:Src/stm32g0xx_hal_msp.c **** 
 304:Src/stm32g0xx_hal_msp.c ****   /* USER CODE END USART2_MspInit 1 */
 305:Src/stm32g0xx_hal_msp.c ****   }
 306:Src/stm32g0xx_hal_msp.c ****   else if(huart->Instance==USART3)
 635              		.loc 1 306 8 is_stmt 1 view .LVU142
 636              		.loc 1 306 10 is_stmt 0 view .LVU143
 637 0018 334A     		ldr	r2, .L39+4
 638 001a 9342     		cmp	r3, r2
 639 001c 29D0     		beq	.L38
 640              	.LVL33:
 641              	.L34:
 307:Src/stm32g0xx_hal_msp.c ****   {
 308:Src/stm32g0xx_hal_msp.c ****   /* USER CODE BEGIN USART3_MspInit 0 */
 309:Src/stm32g0xx_hal_msp.c **** 
 310:Src/stm32g0xx_hal_msp.c ****   /* USER CODE END USART3_MspInit 0 */
 311:Src/stm32g0xx_hal_msp.c ****     /* Peripheral clock enable */
 312:Src/stm32g0xx_hal_msp.c ****     __HAL_RCC_USART3_CLK_ENABLE();
 313:Src/stm32g0xx_hal_msp.c **** 
 314:Src/stm32g0xx_hal_msp.c ****     __HAL_RCC_GPIOA_CLK_ENABLE();
 315:Src/stm32g0xx_hal_msp.c ****     __HAL_RCC_GPIOB_CLK_ENABLE();
 316:Src/stm32g0xx_hal_msp.c ****     /**USART3 GPIO Configuration
 317:Src/stm32g0xx_hal_msp.c ****     PA5     ------> USART3_TX
 318:Src/stm32g0xx_hal_msp.c ****     PB0     ------> USART3_RX
 319:Src/stm32g0xx_hal_msp.c ****     */
 320:Src/stm32g0xx_hal_msp.c ****     GPIO_InitStruct.Pin = GPIO_PIN_5;
 321:Src/stm32g0xx_hal_msp.c ****     GPIO_InitStruct.Mode = GPIO_MODE_AF_PP;
 322:Src/stm32g0xx_hal_msp.c ****     GPIO_InitStruct.Pull = GPIO_NOPULL;
 323:Src/stm32g0xx_hal_msp.c ****     GPIO_InitStruct.Speed = GPIO_SPEED_FREQ_LOW;
 324:Src/stm32g0xx_hal_msp.c ****     GPIO_InitStruct.Alternate = GPIO_AF4_USART3;
 325:Src/stm32g0xx_hal_msp.c ****     HAL_GPIO_Init(GPIOA, &GPIO_InitStruct);
 326:Src/stm32g0xx_hal_msp.c **** 
 327:Src/stm32g0xx_hal_msp.c ****     GPIO_InitStruct.Pin = GPIO_PIN_0;
 328:Src/stm32g0xx_hal_msp.c ****     GPIO_InitStruct.Mode = GPIO_MODE_AF_PP;
ARM GAS  /tmp/ccvq3iEJ.s 			page 19


 329:Src/stm32g0xx_hal_msp.c ****     GPIO_InitStruct.Pull = GPIO_NOPULL;
 330:Src/stm32g0xx_hal_msp.c ****     GPIO_InitStruct.Speed = GPIO_SPEED_FREQ_LOW;
 331:Src/stm32g0xx_hal_msp.c ****     GPIO_InitStruct.Alternate = GPIO_AF4_USART3;
 332:Src/stm32g0xx_hal_msp.c ****     HAL_GPIO_Init(GPIOB, &GPIO_InitStruct);
 333:Src/stm32g0xx_hal_msp.c **** 
 334:Src/stm32g0xx_hal_msp.c ****     /* USART3 interrupt Init */
 335:Src/stm32g0xx_hal_msp.c ****     HAL_NVIC_SetPriority(USART3_4_LPUART1_IRQn, 0, 0);
 336:Src/stm32g0xx_hal_msp.c ****     HAL_NVIC_EnableIRQ(USART3_4_LPUART1_IRQn);
 337:Src/stm32g0xx_hal_msp.c ****   /* USER CODE BEGIN USART3_MspInit 1 */
 338:Src/stm32g0xx_hal_msp.c **** 
 339:Src/stm32g0xx_hal_msp.c ****   /* USER CODE END USART3_MspInit 1 */
 340:Src/stm32g0xx_hal_msp.c ****   }
 341:Src/stm32g0xx_hal_msp.c **** 
 342:Src/stm32g0xx_hal_msp.c **** }
 642              		.loc 1 342 1 view .LVU144
 643 001e 0BB0     		add	sp, sp, #44
 644              		@ sp needed
 645 0020 F0BD     		pop	{r4, r5, r6, r7, pc}
 646              	.LVL34:
 647              	.L37:
 285:Src/stm32g0xx_hal_msp.c **** 
 648              		.loc 1 285 5 is_stmt 1 view .LVU145
 649              	.LBB10:
 285:Src/stm32g0xx_hal_msp.c **** 
 650              		.loc 1 285 5 view .LVU146
 285:Src/stm32g0xx_hal_msp.c **** 
 651              		.loc 1 285 5 view .LVU147
 652 0022 324B     		ldr	r3, .L39+8
 653 0024 D96B     		ldr	r1, [r3, #60]
 654 0026 8020     		movs	r0, #128
 655 0028 8002     		lsls	r0, r0, #10
 656 002a 0143     		orrs	r1, r0
 657 002c D963     		str	r1, [r3, #60]
 285:Src/stm32g0xx_hal_msp.c **** 
 658              		.loc 1 285 5 view .LVU148
 659 002e DA6B     		ldr	r2, [r3, #60]
 660 0030 0240     		ands	r2, r0
 661 0032 0092     		str	r2, [sp]
 285:Src/stm32g0xx_hal_msp.c **** 
 662              		.loc 1 285 5 view .LVU149
 663 0034 009A     		ldr	r2, [sp]
 664              	.LBE10:
 285:Src/stm32g0xx_hal_msp.c **** 
 665              		.loc 1 285 5 view .LVU150
 287:Src/stm32g0xx_hal_msp.c ****     /**USART2 GPIO Configuration
 666              		.loc 1 287 5 view .LVU151
 667              	.LBB11:
 287:Src/stm32g0xx_hal_msp.c ****     /**USART2 GPIO Configuration
 668              		.loc 1 287 5 view .LVU152
 287:Src/stm32g0xx_hal_msp.c ****     /**USART2 GPIO Configuration
 669              		.loc 1 287 5 view .LVU153
 670 0036 596B     		ldr	r1, [r3, #52]
 671 0038 0122     		movs	r2, #1
 672 003a 1143     		orrs	r1, r2
 673 003c 5963     		str	r1, [r3, #52]
 287:Src/stm32g0xx_hal_msp.c ****     /**USART2 GPIO Configuration
 674              		.loc 1 287 5 view .LVU154
ARM GAS  /tmp/ccvq3iEJ.s 			page 20


 675 003e 5B6B     		ldr	r3, [r3, #52]
 676 0040 1340     		ands	r3, r2
 677 0042 0193     		str	r3, [sp, #4]
 287:Src/stm32g0xx_hal_msp.c ****     /**USART2 GPIO Configuration
 678              		.loc 1 287 5 view .LVU155
 679 0044 019B     		ldr	r3, [sp, #4]
 680              	.LBE11:
 287:Src/stm32g0xx_hal_msp.c ****     /**USART2 GPIO Configuration
 681              		.loc 1 287 5 view .LVU156
 292:Src/stm32g0xx_hal_msp.c ****     GPIO_InitStruct.Mode = GPIO_MODE_AF_PP;
 682              		.loc 1 292 5 view .LVU157
 292:Src/stm32g0xx_hal_msp.c ****     GPIO_InitStruct.Mode = GPIO_MODE_AF_PP;
 683              		.loc 1 292 25 is_stmt 0 view .LVU158
 684 0046 0C23     		movs	r3, #12
 685 0048 0593     		str	r3, [sp, #20]
 293:Src/stm32g0xx_hal_msp.c ****     GPIO_InitStruct.Pull = GPIO_NOPULL;
 686              		.loc 1 293 5 is_stmt 1 view .LVU159
 293:Src/stm32g0xx_hal_msp.c ****     GPIO_InitStruct.Pull = GPIO_NOPULL;
 687              		.loc 1 293 26 is_stmt 0 view .LVU160
 688 004a 0A3B     		subs	r3, r3, #10
 689 004c 0693     		str	r3, [sp, #24]
 294:Src/stm32g0xx_hal_msp.c ****     GPIO_InitStruct.Speed = GPIO_SPEED_FREQ_LOW;
 690              		.loc 1 294 5 is_stmt 1 view .LVU161
 294:Src/stm32g0xx_hal_msp.c ****     GPIO_InitStruct.Speed = GPIO_SPEED_FREQ_LOW;
 691              		.loc 1 294 26 is_stmt 0 view .LVU162
 692 004e 0023     		movs	r3, #0
 693 0050 0793     		str	r3, [sp, #28]
 295:Src/stm32g0xx_hal_msp.c ****     GPIO_InitStruct.Alternate = GPIO_AF1_USART2;
 694              		.loc 1 295 5 is_stmt 1 view .LVU163
 295:Src/stm32g0xx_hal_msp.c ****     GPIO_InitStruct.Alternate = GPIO_AF1_USART2;
 695              		.loc 1 295 27 is_stmt 0 view .LVU164
 696 0052 0893     		str	r3, [sp, #32]
 296:Src/stm32g0xx_hal_msp.c ****     HAL_GPIO_Init(GPIOA, &GPIO_InitStruct);
 697              		.loc 1 296 5 is_stmt 1 view .LVU165
 296:Src/stm32g0xx_hal_msp.c ****     HAL_GPIO_Init(GPIOA, &GPIO_InitStruct);
 698              		.loc 1 296 31 is_stmt 0 view .LVU166
 699 0054 0992     		str	r2, [sp, #36]
 297:Src/stm32g0xx_hal_msp.c **** 
 700              		.loc 1 297 5 is_stmt 1 view .LVU167
 701 0056 A020     		movs	r0, #160
 702 0058 05A9     		add	r1, sp, #20
 703 005a C005     		lsls	r0, r0, #23
 704 005c FFF7FEFF 		bl	HAL_GPIO_Init
 705              	.LVL35:
 300:Src/stm32g0xx_hal_msp.c ****     HAL_NVIC_EnableIRQ(USART2_IRQn);
 706              		.loc 1 300 5 view .LVU168
 707 0060 0022     		movs	r2, #0
 708 0062 0021     		movs	r1, #0
 709 0064 1C20     		movs	r0, #28
 710 0066 FFF7FEFF 		bl	HAL_NVIC_SetPriority
 711              	.LVL36:
 301:Src/stm32g0xx_hal_msp.c ****   /* USER CODE BEGIN USART2_MspInit 1 */
 712              		.loc 1 301 5 view .LVU169
 713 006a 1C20     		movs	r0, #28
 714 006c FFF7FEFF 		bl	HAL_NVIC_EnableIRQ
 715              	.LVL37:
 716 0070 D5E7     		b	.L34
ARM GAS  /tmp/ccvq3iEJ.s 			page 21


 717              	.L38:
 312:Src/stm32g0xx_hal_msp.c **** 
 718              		.loc 1 312 5 view .LVU170
 719              	.LBB12:
 312:Src/stm32g0xx_hal_msp.c **** 
 720              		.loc 1 312 5 view .LVU171
 312:Src/stm32g0xx_hal_msp.c **** 
 721              		.loc 1 312 5 view .LVU172
 722 0072 1E4B     		ldr	r3, .L39+8
 723 0074 D96B     		ldr	r1, [r3, #60]
 724 0076 8020     		movs	r0, #128
 725 0078 C002     		lsls	r0, r0, #11
 726 007a 0143     		orrs	r1, r0
 727 007c D963     		str	r1, [r3, #60]
 312:Src/stm32g0xx_hal_msp.c **** 
 728              		.loc 1 312 5 view .LVU173
 729 007e DA6B     		ldr	r2, [r3, #60]
 730 0080 0240     		ands	r2, r0
 731 0082 0292     		str	r2, [sp, #8]
 312:Src/stm32g0xx_hal_msp.c **** 
 732              		.loc 1 312 5 view .LVU174
 733 0084 029A     		ldr	r2, [sp, #8]
 734              	.LBE12:
 312:Src/stm32g0xx_hal_msp.c **** 
 735              		.loc 1 312 5 view .LVU175
 314:Src/stm32g0xx_hal_msp.c ****     __HAL_RCC_GPIOB_CLK_ENABLE();
 736              		.loc 1 314 5 view .LVU176
 737              	.LBB13:
 314:Src/stm32g0xx_hal_msp.c ****     __HAL_RCC_GPIOB_CLK_ENABLE();
 738              		.loc 1 314 5 view .LVU177
 314:Src/stm32g0xx_hal_msp.c ****     __HAL_RCC_GPIOB_CLK_ENABLE();
 739              		.loc 1 314 5 view .LVU178
 740 0086 5A6B     		ldr	r2, [r3, #52]
 741 0088 0126     		movs	r6, #1
 742 008a 3243     		orrs	r2, r6
 743 008c 5A63     		str	r2, [r3, #52]
 314:Src/stm32g0xx_hal_msp.c ****     __HAL_RCC_GPIOB_CLK_ENABLE();
 744              		.loc 1 314 5 view .LVU179
 745 008e 5A6B     		ldr	r2, [r3, #52]
 746 0090 3240     		ands	r2, r6
 747 0092 0392     		str	r2, [sp, #12]
 314:Src/stm32g0xx_hal_msp.c ****     __HAL_RCC_GPIOB_CLK_ENABLE();
 748              		.loc 1 314 5 view .LVU180
 749 0094 039A     		ldr	r2, [sp, #12]
 750              	.LBE13:
 314:Src/stm32g0xx_hal_msp.c ****     __HAL_RCC_GPIOB_CLK_ENABLE();
 751              		.loc 1 314 5 view .LVU181
 315:Src/stm32g0xx_hal_msp.c ****     /**USART3 GPIO Configuration
 752              		.loc 1 315 5 view .LVU182
 753              	.LBB14:
 315:Src/stm32g0xx_hal_msp.c ****     /**USART3 GPIO Configuration
 754              		.loc 1 315 5 view .LVU183
 315:Src/stm32g0xx_hal_msp.c ****     /**USART3 GPIO Configuration
 755              		.loc 1 315 5 view .LVU184
 756 0096 5A6B     		ldr	r2, [r3, #52]
 757 0098 0225     		movs	r5, #2
 758 009a 2A43     		orrs	r2, r5
ARM GAS  /tmp/ccvq3iEJ.s 			page 22


 759 009c 5A63     		str	r2, [r3, #52]
 315:Src/stm32g0xx_hal_msp.c ****     /**USART3 GPIO Configuration
 760              		.loc 1 315 5 view .LVU185
 761 009e 5B6B     		ldr	r3, [r3, #52]
 762 00a0 2B40     		ands	r3, r5
 763 00a2 0493     		str	r3, [sp, #16]
 315:Src/stm32g0xx_hal_msp.c ****     /**USART3 GPIO Configuration
 764              		.loc 1 315 5 view .LVU186
 765 00a4 049B     		ldr	r3, [sp, #16]
 766              	.LBE14:
 315:Src/stm32g0xx_hal_msp.c ****     /**USART3 GPIO Configuration
 767              		.loc 1 315 5 view .LVU187
 320:Src/stm32g0xx_hal_msp.c ****     GPIO_InitStruct.Mode = GPIO_MODE_AF_PP;
 768              		.loc 1 320 5 view .LVU188
 320:Src/stm32g0xx_hal_msp.c ****     GPIO_InitStruct.Mode = GPIO_MODE_AF_PP;
 769              		.loc 1 320 25 is_stmt 0 view .LVU189
 770 00a6 2023     		movs	r3, #32
 771 00a8 0593     		str	r3, [sp, #20]
 321:Src/stm32g0xx_hal_msp.c ****     GPIO_InitStruct.Pull = GPIO_NOPULL;
 772              		.loc 1 321 5 is_stmt 1 view .LVU190
 321:Src/stm32g0xx_hal_msp.c ****     GPIO_InitStruct.Pull = GPIO_NOPULL;
 773              		.loc 1 321 26 is_stmt 0 view .LVU191
 774 00aa 0695     		str	r5, [sp, #24]
 322:Src/stm32g0xx_hal_msp.c ****     GPIO_InitStruct.Speed = GPIO_SPEED_FREQ_LOW;
 775              		.loc 1 322 5 is_stmt 1 view .LVU192
 322:Src/stm32g0xx_hal_msp.c ****     GPIO_InitStruct.Speed = GPIO_SPEED_FREQ_LOW;
 776              		.loc 1 322 26 is_stmt 0 view .LVU193
 777 00ac 0024     		movs	r4, #0
 778              	.LVL38:
 322:Src/stm32g0xx_hal_msp.c ****     GPIO_InitStruct.Speed = GPIO_SPEED_FREQ_LOW;
 779              		.loc 1 322 26 view .LVU194
 780 00ae 0794     		str	r4, [sp, #28]
 323:Src/stm32g0xx_hal_msp.c ****     GPIO_InitStruct.Alternate = GPIO_AF4_USART3;
 781              		.loc 1 323 5 is_stmt 1 view .LVU195
 323:Src/stm32g0xx_hal_msp.c ****     GPIO_InitStruct.Alternate = GPIO_AF4_USART3;
 782              		.loc 1 323 27 is_stmt 0 view .LVU196
 783 00b0 0894     		str	r4, [sp, #32]
 324:Src/stm32g0xx_hal_msp.c ****     HAL_GPIO_Init(GPIOA, &GPIO_InitStruct);
 784              		.loc 1 324 5 is_stmt 1 view .LVU197
 324:Src/stm32g0xx_hal_msp.c ****     HAL_GPIO_Init(GPIOA, &GPIO_InitStruct);
 785              		.loc 1 324 31 is_stmt 0 view .LVU198
 786 00b2 0427     		movs	r7, #4
 787 00b4 0997     		str	r7, [sp, #36]
 325:Src/stm32g0xx_hal_msp.c **** 
 788              		.loc 1 325 5 is_stmt 1 view .LVU199
 789 00b6 A020     		movs	r0, #160
 790 00b8 05A9     		add	r1, sp, #20
 791 00ba C005     		lsls	r0, r0, #23
 792 00bc FFF7FEFF 		bl	HAL_GPIO_Init
 793              	.LVL39:
 327:Src/stm32g0xx_hal_msp.c ****     GPIO_InitStruct.Mode = GPIO_MODE_AF_PP;
 794              		.loc 1 327 5 view .LVU200
 327:Src/stm32g0xx_hal_msp.c ****     GPIO_InitStruct.Mode = GPIO_MODE_AF_PP;
 795              		.loc 1 327 25 is_stmt 0 view .LVU201
 796 00c0 0596     		str	r6, [sp, #20]
 328:Src/stm32g0xx_hal_msp.c ****     GPIO_InitStruct.Pull = GPIO_NOPULL;
 797              		.loc 1 328 5 is_stmt 1 view .LVU202
ARM GAS  /tmp/ccvq3iEJ.s 			page 23


 328:Src/stm32g0xx_hal_msp.c ****     GPIO_InitStruct.Pull = GPIO_NOPULL;
 798              		.loc 1 328 26 is_stmt 0 view .LVU203
 799 00c2 0695     		str	r5, [sp, #24]
 329:Src/stm32g0xx_hal_msp.c ****     GPIO_InitStruct.Speed = GPIO_SPEED_FREQ_LOW;
 800              		.loc 1 329 5 is_stmt 1 view .LVU204
 329:Src/stm32g0xx_hal_msp.c ****     GPIO_InitStruct.Speed = GPIO_SPEED_FREQ_LOW;
 801              		.loc 1 329 26 is_stmt 0 view .LVU205
 802 00c4 0794     		str	r4, [sp, #28]
 330:Src/stm32g0xx_hal_msp.c ****     GPIO_InitStruct.Alternate = GPIO_AF4_USART3;
 803              		.loc 1 330 5 is_stmt 1 view .LVU206
 330:Src/stm32g0xx_hal_msp.c ****     GPIO_InitStruct.Alternate = GPIO_AF4_USART3;
 804              		.loc 1 330 27 is_stmt 0 view .LVU207
 805 00c6 0894     		str	r4, [sp, #32]
 331:Src/stm32g0xx_hal_msp.c ****     HAL_GPIO_Init(GPIOB, &GPIO_InitStruct);
 806              		.loc 1 331 5 is_stmt 1 view .LVU208
 331:Src/stm32g0xx_hal_msp.c ****     HAL_GPIO_Init(GPIOB, &GPIO_InitStruct);
 807              		.loc 1 331 31 is_stmt 0 view .LVU209
 808 00c8 0997     		str	r7, [sp, #36]
 332:Src/stm32g0xx_hal_msp.c **** 
 809              		.loc 1 332 5 is_stmt 1 view .LVU210
 810 00ca 05A9     		add	r1, sp, #20
 811 00cc 0848     		ldr	r0, .L39+12
 812 00ce FFF7FEFF 		bl	HAL_GPIO_Init
 813              	.LVL40:
 335:Src/stm32g0xx_hal_msp.c ****     HAL_NVIC_EnableIRQ(USART3_4_LPUART1_IRQn);
 814              		.loc 1 335 5 view .LVU211
 815 00d2 0022     		movs	r2, #0
 816 00d4 0021     		movs	r1, #0
 817 00d6 1D20     		movs	r0, #29
 818 00d8 FFF7FEFF 		bl	HAL_NVIC_SetPriority
 819              	.LVL41:
 336:Src/stm32g0xx_hal_msp.c ****   /* USER CODE BEGIN USART3_MspInit 1 */
 820              		.loc 1 336 5 view .LVU212
 821 00dc 1D20     		movs	r0, #29
 822 00de FFF7FEFF 		bl	HAL_NVIC_EnableIRQ
 823              	.LVL42:
 824              		.loc 1 342 1 is_stmt 0 view .LVU213
 825 00e2 9CE7     		b	.L34
 826              	.L40:
 827              		.align	2
 828              	.L39:
 829 00e4 00440040 		.word	1073759232
 830 00e8 00480040 		.word	1073760256
 831 00ec 00100240 		.word	1073876992
 832 00f0 00040050 		.word	1342178304
 833              		.cfi_endproc
 834              	.LFE459:
 836              		.section	.text.HAL_UART_MspDeInit,"ax",%progbits
 837              		.align	1
 838              		.global	HAL_UART_MspDeInit
 839              		.syntax unified
 840              		.code	16
 841              		.thumb_func
 842              		.fpu softvfp
 844              	HAL_UART_MspDeInit:
 845              	.LVL43:
 846              	.LFB460:
ARM GAS  /tmp/ccvq3iEJ.s 			page 24


 343:Src/stm32g0xx_hal_msp.c **** 
 344:Src/stm32g0xx_hal_msp.c **** /**
 345:Src/stm32g0xx_hal_msp.c **** * @brief UART MSP De-Initialization
 346:Src/stm32g0xx_hal_msp.c **** * This function freeze the hardware resources used in this example
 347:Src/stm32g0xx_hal_msp.c **** * @param huart: UART handle pointer
 348:Src/stm32g0xx_hal_msp.c **** * @retval None
 349:Src/stm32g0xx_hal_msp.c **** */
 350:Src/stm32g0xx_hal_msp.c **** void HAL_UART_MspDeInit(UART_HandleTypeDef* huart)
 351:Src/stm32g0xx_hal_msp.c **** {
 847              		.loc 1 351 1 is_stmt 1 view -0
 848              		.cfi_startproc
 849              		@ args = 0, pretend = 0, frame = 0
 850              		@ frame_needed = 0, uses_anonymous_args = 0
 851              		.loc 1 351 1 is_stmt 0 view .LVU215
 852 0000 10B5     		push	{r4, lr}
 853              	.LCFI11:
 854              		.cfi_def_cfa_offset 8
 855              		.cfi_offset 4, -8
 856              		.cfi_offset 14, -4
 352:Src/stm32g0xx_hal_msp.c ****   if(huart->Instance==USART2)
 857              		.loc 1 352 3 is_stmt 1 view .LVU216
 858              		.loc 1 352 11 is_stmt 0 view .LVU217
 859 0002 0368     		ldr	r3, [r0]
 860              		.loc 1 352 5 view .LVU218
 861 0004 134A     		ldr	r2, .L46
 862 0006 9342     		cmp	r3, r2
 863 0008 03D0     		beq	.L44
 353:Src/stm32g0xx_hal_msp.c ****   {
 354:Src/stm32g0xx_hal_msp.c ****   /* USER CODE BEGIN USART2_MspDeInit 0 */
 355:Src/stm32g0xx_hal_msp.c **** 
 356:Src/stm32g0xx_hal_msp.c ****   /* USER CODE END USART2_MspDeInit 0 */
 357:Src/stm32g0xx_hal_msp.c ****     /* Peripheral clock disable */
 358:Src/stm32g0xx_hal_msp.c ****     __HAL_RCC_USART2_CLK_DISABLE();
 359:Src/stm32g0xx_hal_msp.c **** 
 360:Src/stm32g0xx_hal_msp.c ****     /**USART2 GPIO Configuration
 361:Src/stm32g0xx_hal_msp.c ****     PA2     ------> USART2_TX
 362:Src/stm32g0xx_hal_msp.c ****     PA3     ------> USART2_RX
 363:Src/stm32g0xx_hal_msp.c ****     */
 364:Src/stm32g0xx_hal_msp.c ****     HAL_GPIO_DeInit(GPIOA, GPIO_PIN_2|GPIO_PIN_3);
 365:Src/stm32g0xx_hal_msp.c **** 
 366:Src/stm32g0xx_hal_msp.c ****     /* USART2 interrupt DeInit */
 367:Src/stm32g0xx_hal_msp.c ****     HAL_NVIC_DisableIRQ(USART2_IRQn);
 368:Src/stm32g0xx_hal_msp.c ****   /* USER CODE BEGIN USART2_MspDeInit 1 */
 369:Src/stm32g0xx_hal_msp.c **** 
 370:Src/stm32g0xx_hal_msp.c ****   /* USER CODE END USART2_MspDeInit 1 */
 371:Src/stm32g0xx_hal_msp.c ****   }
 372:Src/stm32g0xx_hal_msp.c ****   else if(huart->Instance==USART3)
 864              		.loc 1 372 8 is_stmt 1 view .LVU219
 865              		.loc 1 372 10 is_stmt 0 view .LVU220
 866 000a 134A     		ldr	r2, .L46+4
 867 000c 9342     		cmp	r3, r2
 868 000e 0ED0     		beq	.L45
 869              	.LVL44:
 870              	.L41:
 373:Src/stm32g0xx_hal_msp.c ****   {
 374:Src/stm32g0xx_hal_msp.c ****   /* USER CODE BEGIN USART3_MspDeInit 0 */
 375:Src/stm32g0xx_hal_msp.c **** 
ARM GAS  /tmp/ccvq3iEJ.s 			page 25


 376:Src/stm32g0xx_hal_msp.c ****   /* USER CODE END USART3_MspDeInit 0 */
 377:Src/stm32g0xx_hal_msp.c ****     /* Peripheral clock disable */
 378:Src/stm32g0xx_hal_msp.c ****     __HAL_RCC_USART3_CLK_DISABLE();
 379:Src/stm32g0xx_hal_msp.c **** 
 380:Src/stm32g0xx_hal_msp.c ****     /**USART3 GPIO Configuration
 381:Src/stm32g0xx_hal_msp.c ****     PA5     ------> USART3_TX
 382:Src/stm32g0xx_hal_msp.c ****     PB0     ------> USART3_RX
 383:Src/stm32g0xx_hal_msp.c ****     */
 384:Src/stm32g0xx_hal_msp.c ****     HAL_GPIO_DeInit(GPIOA, GPIO_PIN_5);
 385:Src/stm32g0xx_hal_msp.c **** 
 386:Src/stm32g0xx_hal_msp.c ****     HAL_GPIO_DeInit(GPIOB, GPIO_PIN_0);
 387:Src/stm32g0xx_hal_msp.c **** 
 388:Src/stm32g0xx_hal_msp.c ****     /* USART3 interrupt DeInit */
 389:Src/stm32g0xx_hal_msp.c ****     HAL_NVIC_DisableIRQ(USART3_4_LPUART1_IRQn);
 390:Src/stm32g0xx_hal_msp.c ****   /* USER CODE BEGIN USART3_MspDeInit 1 */
 391:Src/stm32g0xx_hal_msp.c **** 
 392:Src/stm32g0xx_hal_msp.c ****   /* USER CODE END USART3_MspDeInit 1 */
 393:Src/stm32g0xx_hal_msp.c ****   }
 394:Src/stm32g0xx_hal_msp.c **** 
 395:Src/stm32g0xx_hal_msp.c **** }
 871              		.loc 1 395 1 view .LVU221
 872              		@ sp needed
 873 0010 10BD     		pop	{r4, pc}
 874              	.LVL45:
 875              	.L44:
 358:Src/stm32g0xx_hal_msp.c **** 
 876              		.loc 1 358 5 is_stmt 1 view .LVU222
 877 0012 124A     		ldr	r2, .L46+8
 878 0014 D36B     		ldr	r3, [r2, #60]
 879 0016 1249     		ldr	r1, .L46+12
 880 0018 0B40     		ands	r3, r1
 881 001a D363     		str	r3, [r2, #60]
 364:Src/stm32g0xx_hal_msp.c **** 
 882              		.loc 1 364 5 view .LVU223
 883 001c A020     		movs	r0, #160
 884              	.LVL46:
 364:Src/stm32g0xx_hal_msp.c **** 
 885              		.loc 1 364 5 is_stmt 0 view .LVU224
 886 001e 0C21     		movs	r1, #12
 887 0020 C005     		lsls	r0, r0, #23
 888 0022 FFF7FEFF 		bl	HAL_GPIO_DeInit
 889              	.LVL47:
 367:Src/stm32g0xx_hal_msp.c ****   /* USER CODE BEGIN USART2_MspDeInit 1 */
 890              		.loc 1 367 5 is_stmt 1 view .LVU225
 891 0026 1C20     		movs	r0, #28
 892 0028 FFF7FEFF 		bl	HAL_NVIC_DisableIRQ
 893              	.LVL48:
 894 002c F0E7     		b	.L41
 895              	.LVL49:
 896              	.L45:
 378:Src/stm32g0xx_hal_msp.c **** 
 897              		.loc 1 378 5 view .LVU226
 898 002e 0B4A     		ldr	r2, .L46+8
 899 0030 D36B     		ldr	r3, [r2, #60]
 900 0032 0C49     		ldr	r1, .L46+16
 901 0034 0B40     		ands	r3, r1
 902 0036 D363     		str	r3, [r2, #60]
ARM GAS  /tmp/ccvq3iEJ.s 			page 26


 384:Src/stm32g0xx_hal_msp.c **** 
 903              		.loc 1 384 5 view .LVU227
 904 0038 A020     		movs	r0, #160
 905              	.LVL50:
 384:Src/stm32g0xx_hal_msp.c **** 
 906              		.loc 1 384 5 is_stmt 0 view .LVU228
 907 003a 2021     		movs	r1, #32
 908 003c C005     		lsls	r0, r0, #23
 909 003e FFF7FEFF 		bl	HAL_GPIO_DeInit
 910              	.LVL51:
 386:Src/stm32g0xx_hal_msp.c **** 
 911              		.loc 1 386 5 is_stmt 1 view .LVU229
 912 0042 0121     		movs	r1, #1
 913 0044 0848     		ldr	r0, .L46+20
 914 0046 FFF7FEFF 		bl	HAL_GPIO_DeInit
 915              	.LVL52:
 389:Src/stm32g0xx_hal_msp.c ****   /* USER CODE BEGIN USART3_MspDeInit 1 */
 916              		.loc 1 389 5 view .LVU230
 917 004a 1D20     		movs	r0, #29
 918 004c FFF7FEFF 		bl	HAL_NVIC_DisableIRQ
 919              	.LVL53:
 920              		.loc 1 395 1 is_stmt 0 view .LVU231
 921 0050 DEE7     		b	.L41
 922              	.L47:
 923 0052 C046     		.align	2
 924              	.L46:
 925 0054 00440040 		.word	1073759232
 926 0058 00480040 		.word	1073760256
 927 005c 00100240 		.word	1073876992
 928 0060 FFFFFDFF 		.word	-131073
 929 0064 FFFFFBFF 		.word	-262145
 930 0068 00040050 		.word	1342178304
 931              		.cfi_endproc
 932              	.LFE460:
 934              		.text
 935              	.Letext0:
 936              		.file 2 "/opt/gcc-arm-none-eabi-9-2020-q2/arm-none-eabi/include/machine/_default_types.h"
 937              		.file 3 "/opt/gcc-arm-none-eabi-9-2020-q2/arm-none-eabi/include/sys/_stdint.h"
 938              		.file 4 "Drivers/CMSIS/Device/ST/STM32G0xx/Include/system_stm32g0xx.h"
 939              		.file 5 "Drivers/CMSIS/Device/ST/STM32G0xx/Include/stm32g071xx.h"
 940              		.file 6 "Drivers/CMSIS/Device/ST/STM32G0xx/Include/stm32g0xx.h"
 941              		.file 7 "Drivers/STM32G0xx_HAL_Driver/Inc/stm32g0xx_hal_def.h"
 942              		.file 8 "Drivers/STM32G0xx_HAL_Driver/Inc/stm32g0xx_hal_gpio.h"
 943              		.file 9 "Drivers/STM32G0xx_HAL_Driver/Inc/stm32g0xx_hal_dma.h"
 944              		.file 10 "Drivers/STM32G0xx_HAL_Driver/Inc/stm32g0xx_hal_adc.h"
 945              		.file 11 "Drivers/STM32G0xx_HAL_Driver/Inc/stm32g0xx_hal_flash.h"
 946              		.file 12 "Drivers/STM32G0xx_HAL_Driver/Inc/stm32g0xx_hal_i2c.h"
 947              		.file 13 "Drivers/STM32G0xx_HAL_Driver/Inc/stm32g0xx_hal_tim.h"
 948              		.file 14 "Drivers/STM32G0xx_HAL_Driver/Inc/stm32g0xx_hal_uart.h"
 949              		.file 15 "Drivers/STM32G0xx_HAL_Driver/Inc/stm32g0xx_hal.h"
 950              		.file 16 "Drivers/STM32G0xx_HAL_Driver/Inc/stm32g0xx_ll_dma.h"
 951              		.file 17 "Drivers/STM32G0xx_HAL_Driver/Inc/stm32g0xx_hal_cortex.h"
 952              		.file 18 "<built-in>"
ARM GAS  /tmp/ccvq3iEJ.s 			page 27


DEFINED SYMBOLS
                            *ABS*:0000000000000000 stm32g0xx_hal_msp.c
     /tmp/ccvq3iEJ.s:16     .text.HAL_MspInit:0000000000000000 $t
     /tmp/ccvq3iEJ.s:24     .text.HAL_MspInit:0000000000000000 HAL_MspInit
     /tmp/ccvq3iEJ.s:84     .text.HAL_MspInit:0000000000000034 $d
     /tmp/ccvq3iEJ.s:89     .text.HAL_ADC_MspInit:0000000000000000 $t
     /tmp/ccvq3iEJ.s:96     .text.HAL_ADC_MspInit:0000000000000000 HAL_ADC_MspInit
     /tmp/ccvq3iEJ.s:228    .text.HAL_ADC_MspInit:0000000000000078 $d
     /tmp/ccvq3iEJ.s:235    .text.HAL_ADC_MspDeInit:0000000000000000 $t
     /tmp/ccvq3iEJ.s:242    .text.HAL_ADC_MspDeInit:0000000000000000 HAL_ADC_MspDeInit
     /tmp/ccvq3iEJ.s:293    .text.HAL_ADC_MspDeInit:000000000000002c $d
     /tmp/ccvq3iEJ.s:301    .text.HAL_I2C_MspInit:0000000000000000 $t
     /tmp/ccvq3iEJ.s:308    .text.HAL_I2C_MspInit:0000000000000000 HAL_I2C_MspInit
     /tmp/ccvq3iEJ.s:415    .text.HAL_I2C_MspInit:0000000000000060 $d
     /tmp/ccvq3iEJ.s:422    .text.HAL_I2C_MspDeInit:0000000000000000 $t
     /tmp/ccvq3iEJ.s:429    .text.HAL_I2C_MspDeInit:0000000000000000 HAL_I2C_MspDeInit
     /tmp/ccvq3iEJ.s:480    .text.HAL_I2C_MspDeInit:000000000000002c $d
     /tmp/ccvq3iEJ.s:488    .text.HAL_TIM_Base_MspInit:0000000000000000 $t
     /tmp/ccvq3iEJ.s:495    .text.HAL_TIM_Base_MspInit:0000000000000000 HAL_TIM_Base_MspInit
     /tmp/ccvq3iEJ.s:543    .text.HAL_TIM_Base_MspInit:0000000000000024 $d
     /tmp/ccvq3iEJ.s:548    .text.HAL_TIM_Base_MspDeInit:0000000000000000 $t
     /tmp/ccvq3iEJ.s:555    .text.HAL_TIM_Base_MspDeInit:0000000000000000 HAL_TIM_Base_MspDeInit
     /tmp/ccvq3iEJ.s:587    .text.HAL_TIM_Base_MspDeInit:0000000000000018 $d
     /tmp/ccvq3iEJ.s:592    .text.HAL_UART_MspInit:0000000000000000 $t
     /tmp/ccvq3iEJ.s:599    .text.HAL_UART_MspInit:0000000000000000 HAL_UART_MspInit
     /tmp/ccvq3iEJ.s:829    .text.HAL_UART_MspInit:00000000000000e4 $d
     /tmp/ccvq3iEJ.s:837    .text.HAL_UART_MspDeInit:0000000000000000 $t
     /tmp/ccvq3iEJ.s:844    .text.HAL_UART_MspDeInit:0000000000000000 HAL_UART_MspDeInit
     /tmp/ccvq3iEJ.s:925    .text.HAL_UART_MspDeInit:0000000000000054 $d

UNDEFINED SYMBOLS
HAL_SYSCFG_StrobeDBattpinsConfig
memset
HAL_GPIO_Init
HAL_GPIO_DeInit
HAL_NVIC_SetPriority
HAL_NVIC_EnableIRQ
HAL_NVIC_DisableIRQ
